2024-07-07 18:57:46,023 [Worker-5: Loading available Gradle versions] INFO  o.e.b.c.i.u.g.PublishedGradleVersions - Gradle version information cache is up-to-date. Trying to read.
2024-07-07 18:58:19,211 [Worker-1: Launching mavenrun-9e2bc6b6-1115-47a3-a618-38d74c56cbf1] INFO  o.eclipse.m2e.core.internal.Bundles - getClasspathEntries(Bundle=org.eclipse.m2e.maven.runtime_3.9.600.20231203-1234 [297])
2024-07-07 18:58:19,214 [Worker-1: Launching mavenrun-9e2bc6b6-1115-47a3-a618-38d74c56cbf1] INFO  o.eclipse.m2e.core.internal.Bundles - 	Entry: C:\Users\Nishi Verma\.p2\pool\plugins\org.eclipse.m2e.maven.runtime_3.9.600.20231203-1234
2024-07-07 18:58:19,215 [Worker-1: Launching mavenrun-9e2bc6b6-1115-47a3-a618-38d74c56cbf1] INFO  o.eclipse.m2e.core.internal.Bundles - 	Entry: C:\Users\Nishi Verma\.p2\pool\plugins\org.eclipse.m2e.maven.runtime_3.9.600.20231203-1234\jars\aopalliance-1.0.jar
2024-07-07 18:58:19,216 [Worker-1: Launching mavenrun-9e2bc6b6-1115-47a3-a618-38d74c56cbf1] INFO  o.eclipse.m2e.core.internal.Bundles - 	Entry: C:\Users\Nishi Verma\.p2\pool\plugins\org.eclipse.m2e.maven.runtime_3.9.600.20231203-1234\jars\guice-5.1.0.jar
2024-07-07 18:58:19,216 [Worker-1: Launching mavenrun-9e2bc6b6-1115-47a3-a618-38d74c56cbf1] INFO  o.eclipse.m2e.core.internal.Bundles - 	Entry: C:\Users\Nishi Verma\.p2\pool\plugins\org.eclipse.m2e.maven.runtime_3.9.600.20231203-1234\jars\httpclient-4.5.14.jar
2024-07-07 18:58:19,216 [Worker-1: Launching mavenrun-9e2bc6b6-1115-47a3-a618-38d74c56cbf1] INFO  o.eclipse.m2e.core.internal.Bundles - 	Entry: C:\Users\Nishi Verma\.p2\pool\plugins\org.eclipse.m2e.maven.runtime_3.9.600.20231203-1234\jars\httpcore-4.4.16.jar
2024-07-07 18:58:19,216 [Worker-1: Launching mavenrun-9e2bc6b6-1115-47a3-a618-38d74c56cbf1] INFO  o.eclipse.m2e.core.internal.Bundles - 	Entry: C:\Users\Nishi Verma\.p2\pool\plugins\org.eclipse.m2e.maven.runtime_3.9.600.20231203-1234\jars\jansi-2.4.0.jar
2024-07-07 18:58:19,217 [Worker-1: Launching mavenrun-9e2bc6b6-1115-47a3-a618-38d74c56cbf1] INFO  o.eclipse.m2e.core.internal.Bundles - 	Entry: C:\Users\Nishi Verma\.p2\pool\plugins\org.eclipse.m2e.maven.runtime_3.9.600.20231203-1234\jars\jcl-over-slf4j-1.7.36.jar
2024-07-07 18:58:19,217 [Worker-1: Launching mavenrun-9e2bc6b6-1115-47a3-a618-38d74c56cbf1] INFO  o.eclipse.m2e.core.internal.Bundles - 	Entry: C:\Users\Nishi Verma\.p2\pool\plugins\org.eclipse.m2e.maven.runtime_3.9.600.20231203-1234\jars\maven-artifact-3.9.6.jar
2024-07-07 18:58:19,217 [Worker-1: Launching mavenrun-9e2bc6b6-1115-47a3-a618-38d74c56cbf1] INFO  o.eclipse.m2e.core.internal.Bundles - 	Entry: C:\Users\Nishi Verma\.p2\pool\plugins\org.eclipse.m2e.maven.runtime_3.9.600.20231203-1234\jars\maven-builder-support-3.9.6.jar
2024-07-07 18:58:19,217 [Worker-1: Launching mavenrun-9e2bc6b6-1115-47a3-a618-38d74c56cbf1] INFO  o.eclipse.m2e.core.internal.Bundles - 	Entry: C:\Users\Nishi Verma\.p2\pool\plugins\org.eclipse.m2e.maven.runtime_3.9.600.20231203-1234\jars\maven-compat-3.9.6.jar
2024-07-07 18:58:19,217 [Worker-1: Launching mavenrun-9e2bc6b6-1115-47a3-a618-38d74c56cbf1] INFO  o.eclipse.m2e.core.internal.Bundles - 	Entry: C:\Users\Nishi Verma\.p2\pool\plugins\org.eclipse.m2e.maven.runtime_3.9.600.20231203-1234\jars\maven-core-3.9.6.jar
2024-07-07 18:58:19,218 [Worker-1: Launching mavenrun-9e2bc6b6-1115-47a3-a618-38d74c56cbf1] INFO  o.eclipse.m2e.core.internal.Bundles - 	Entry: C:\Users\Nishi Verma\.p2\pool\plugins\org.eclipse.m2e.maven.runtime_3.9.600.20231203-1234\jars\maven-embedder-3.9.6.jar
2024-07-07 18:58:19,218 [Worker-1: Launching mavenrun-9e2bc6b6-1115-47a3-a618-38d74c56cbf1] INFO  o.eclipse.m2e.core.internal.Bundles - 	Entry: C:\Users\Nishi Verma\.p2\pool\plugins\org.eclipse.m2e.maven.runtime_3.9.600.20231203-1234\jars\maven-model-3.9.6.jar
2024-07-07 18:58:19,218 [Worker-1: Launching mavenrun-9e2bc6b6-1115-47a3-a618-38d74c56cbf1] INFO  o.eclipse.m2e.core.internal.Bundles - 	Entry: C:\Users\Nishi Verma\.p2\pool\plugins\org.eclipse.m2e.maven.runtime_3.9.600.20231203-1234\jars\maven-model-builder-3.9.6.jar
2024-07-07 18:58:19,218 [Worker-1: Launching mavenrun-9e2bc6b6-1115-47a3-a618-38d74c56cbf1] INFO  o.eclipse.m2e.core.internal.Bundles - 	Entry: C:\Users\Nishi Verma\.p2\pool\plugins\org.eclipse.m2e.maven.runtime_3.9.600.20231203-1234\jars\maven-plugin-api-3.9.6.jar
2024-07-07 18:58:19,218 [Worker-1: Launching mavenrun-9e2bc6b6-1115-47a3-a618-38d74c56cbf1] INFO  o.eclipse.m2e.core.internal.Bundles - 	Entry: C:\Users\Nishi Verma\.p2\pool\plugins\org.eclipse.m2e.maven.runtime_3.9.600.20231203-1234\jars\maven-repository-metadata-3.9.6.jar
2024-07-07 18:58:19,219 [Worker-1: Launching mavenrun-9e2bc6b6-1115-47a3-a618-38d74c56cbf1] INFO  o.eclipse.m2e.core.internal.Bundles - 	Entry: C:\Users\Nishi Verma\.p2\pool\plugins\org.eclipse.m2e.maven.runtime_3.9.600.20231203-1234\jars\maven-resolver-api-1.9.18.jar
2024-07-07 18:58:19,219 [Worker-1: Launching mavenrun-9e2bc6b6-1115-47a3-a618-38d74c56cbf1] INFO  o.eclipse.m2e.core.internal.Bundles - 	Entry: C:\Users\Nishi Verma\.p2\pool\plugins\org.eclipse.m2e.maven.runtime_3.9.600.20231203-1234\jars\maven-resolver-connector-basic-1.9.18.jar
2024-07-07 18:58:19,219 [Worker-1: Launching mavenrun-9e2bc6b6-1115-47a3-a618-38d74c56cbf1] INFO  o.eclipse.m2e.core.internal.Bundles - 	Entry: C:\Users\Nishi Verma\.p2\pool\plugins\org.eclipse.m2e.maven.runtime_3.9.600.20231203-1234\jars\maven-resolver-impl-1.9.18.jar
2024-07-07 18:58:19,219 [Worker-1: Launching mavenrun-9e2bc6b6-1115-47a3-a618-38d74c56cbf1] INFO  o.eclipse.m2e.core.internal.Bundles - 	Entry: C:\Users\Nishi Verma\.p2\pool\plugins\org.eclipse.m2e.maven.runtime_3.9.600.20231203-1234\jars\maven-resolver-named-locks-1.9.18.jar
2024-07-07 18:58:19,219 [Worker-1: Launching mavenrun-9e2bc6b6-1115-47a3-a618-38d74c56cbf1] INFO  o.eclipse.m2e.core.internal.Bundles - 	Entry: C:\Users\Nishi Verma\.p2\pool\plugins\org.eclipse.m2e.maven.runtime_3.9.600.20231203-1234\jars\maven-resolver-provider-3.9.6.jar
2024-07-07 18:58:19,220 [Worker-1: Launching mavenrun-9e2bc6b6-1115-47a3-a618-38d74c56cbf1] INFO  o.eclipse.m2e.core.internal.Bundles - 	Entry: C:\Users\Nishi Verma\.p2\pool\plugins\org.eclipse.m2e.maven.runtime_3.9.600.20231203-1234\jars\maven-resolver-spi-1.9.18.jar
2024-07-07 18:58:19,220 [Worker-1: Launching mavenrun-9e2bc6b6-1115-47a3-a618-38d74c56cbf1] INFO  o.eclipse.m2e.core.internal.Bundles - 	Entry: C:\Users\Nishi Verma\.p2\pool\plugins\org.eclipse.m2e.maven.runtime_3.9.600.20231203-1234\jars\maven-resolver-transport-file-1.9.18.jar
2024-07-07 18:58:19,220 [Worker-1: Launching mavenrun-9e2bc6b6-1115-47a3-a618-38d74c56cbf1] INFO  o.eclipse.m2e.core.internal.Bundles - 	Entry: C:\Users\Nishi Verma\.p2\pool\plugins\org.eclipse.m2e.maven.runtime_3.9.600.20231203-1234\jars\maven-resolver-transport-http-1.9.18.jar
2024-07-07 18:58:19,220 [Worker-1: Launching mavenrun-9e2bc6b6-1115-47a3-a618-38d74c56cbf1] INFO  o.eclipse.m2e.core.internal.Bundles - 	Entry: C:\Users\Nishi Verma\.p2\pool\plugins\org.eclipse.m2e.maven.runtime_3.9.600.20231203-1234\jars\maven-resolver-transport-wagon-1.9.18.jar
2024-07-07 18:58:19,220 [Worker-1: Launching mavenrun-9e2bc6b6-1115-47a3-a618-38d74c56cbf1] INFO  o.eclipse.m2e.core.internal.Bundles - 	Entry: C:\Users\Nishi Verma\.p2\pool\plugins\org.eclipse.m2e.maven.runtime_3.9.600.20231203-1234\jars\maven-resolver-util-1.9.18.jar
2024-07-07 18:58:19,220 [Worker-1: Launching mavenrun-9e2bc6b6-1115-47a3-a618-38d74c56cbf1] INFO  o.eclipse.m2e.core.internal.Bundles - 	Entry: C:\Users\Nishi Verma\.p2\pool\plugins\org.eclipse.m2e.maven.runtime_3.9.600.20231203-1234\jars\maven-settings-3.9.6.jar
2024-07-07 18:58:19,221 [Worker-1: Launching mavenrun-9e2bc6b6-1115-47a3-a618-38d74c56cbf1] INFO  o.eclipse.m2e.core.internal.Bundles - 	Entry: C:\Users\Nishi Verma\.p2\pool\plugins\org.eclipse.m2e.maven.runtime_3.9.600.20231203-1234\jars\maven-settings-builder-3.9.6.jar
2024-07-07 18:58:19,221 [Worker-1: Launching mavenrun-9e2bc6b6-1115-47a3-a618-38d74c56cbf1] INFO  o.eclipse.m2e.core.internal.Bundles - 	Entry: C:\Users\Nishi Verma\.p2\pool\plugins\org.eclipse.m2e.maven.runtime_3.9.600.20231203-1234\jars\maven-shared-utils-3.3.4.jar
2024-07-07 18:58:19,221 [Worker-1: Launching mavenrun-9e2bc6b6-1115-47a3-a618-38d74c56cbf1] INFO  o.eclipse.m2e.core.internal.Bundles - 	Entry: C:\Users\Nishi Verma\.p2\pool\plugins\org.eclipse.m2e.maven.runtime_3.9.600.20231203-1234\jars\org.eclipse.sisu.inject-0.9.0.M2.jar
2024-07-07 18:58:19,221 [Worker-1: Launching mavenrun-9e2bc6b6-1115-47a3-a618-38d74c56cbf1] INFO  o.eclipse.m2e.core.internal.Bundles - 	Entry: C:\Users\Nishi Verma\.p2\pool\plugins\org.eclipse.m2e.maven.runtime_3.9.600.20231203-1234\jars\org.eclipse.sisu.plexus-0.9.0.M2.jar
2024-07-07 18:58:19,222 [Worker-1: Launching mavenrun-9e2bc6b6-1115-47a3-a618-38d74c56cbf1] INFO  o.eclipse.m2e.core.internal.Bundles - 	Entry: C:\Users\Nishi Verma\.p2\pool\plugins\org.eclipse.m2e.maven.runtime_3.9.600.20231203-1234\jars\plexus-build-api-0.0.7.jar
2024-07-07 18:58:19,222 [Worker-1: Launching mavenrun-9e2bc6b6-1115-47a3-a618-38d74c56cbf1] INFO  o.eclipse.m2e.core.internal.Bundles - 	Entry: C:\Users\Nishi Verma\.p2\pool\plugins\org.eclipse.m2e.maven.runtime_3.9.600.20231203-1234\jars\plexus-cipher-2.0.jar
2024-07-07 18:58:19,222 [Worker-1: Launching mavenrun-9e2bc6b6-1115-47a3-a618-38d74c56cbf1] INFO  o.eclipse.m2e.core.internal.Bundles - 	Entry: C:\Users\Nishi Verma\.p2\pool\plugins\org.eclipse.m2e.maven.runtime_3.9.600.20231203-1234\jars\plexus-classworlds-2.7.0.jar
2024-07-07 18:58:19,222 [Worker-1: Launching mavenrun-9e2bc6b6-1115-47a3-a618-38d74c56cbf1] INFO  o.eclipse.m2e.core.internal.Bundles - 	Entry: C:\Users\Nishi Verma\.p2\pool\plugins\org.eclipse.m2e.maven.runtime_3.9.600.20231203-1234\jars\plexus-component-annotations-2.1.0.jar
2024-07-07 18:58:19,223 [Worker-1: Launching mavenrun-9e2bc6b6-1115-47a3-a618-38d74c56cbf1] INFO  o.eclipse.m2e.core.internal.Bundles - 	Entry: C:\Users\Nishi Verma\.p2\pool\plugins\org.eclipse.m2e.maven.runtime_3.9.600.20231203-1234\jars\plexus-interpolation-1.26.jar
2024-07-07 18:58:19,223 [Worker-1: Launching mavenrun-9e2bc6b6-1115-47a3-a618-38d74c56cbf1] INFO  o.eclipse.m2e.core.internal.Bundles - 	Entry: C:\Users\Nishi Verma\.p2\pool\plugins\org.eclipse.m2e.maven.runtime_3.9.600.20231203-1234\jars\plexus-sec-dispatcher-2.0.jar
2024-07-07 18:58:19,223 [Worker-1: Launching mavenrun-9e2bc6b6-1115-47a3-a618-38d74c56cbf1] INFO  o.eclipse.m2e.core.internal.Bundles - 	Entry: C:\Users\Nishi Verma\.p2\pool\plugins\org.eclipse.m2e.maven.runtime_3.9.600.20231203-1234\jars\plexus-utils-3.5.1.jar
2024-07-07 18:58:19,223 [Worker-1: Launching mavenrun-9e2bc6b6-1115-47a3-a618-38d74c56cbf1] INFO  o.eclipse.m2e.core.internal.Bundles - 	Entry: C:\Users\Nishi Verma\.p2\pool\plugins\org.eclipse.m2e.maven.runtime_3.9.600.20231203-1234\jars\wagon-file-3.5.3.jar
2024-07-07 18:58:19,224 [Worker-1: Launching mavenrun-9e2bc6b6-1115-47a3-a618-38d74c56cbf1] INFO  o.eclipse.m2e.core.internal.Bundles - 	Entry: C:\Users\Nishi Verma\.p2\pool\plugins\org.eclipse.m2e.maven.runtime_3.9.600.20231203-1234\jars\wagon-http-3.5.3.jar
2024-07-07 18:58:19,224 [Worker-1: Launching mavenrun-9e2bc6b6-1115-47a3-a618-38d74c56cbf1] INFO  o.eclipse.m2e.core.internal.Bundles - 	Entry: C:\Users\Nishi Verma\.p2\pool\plugins\org.eclipse.m2e.maven.runtime_3.9.600.20231203-1234\jars\wagon-http-shared-3.5.3.jar
2024-07-07 18:58:19,224 [Worker-1: Launching mavenrun-9e2bc6b6-1115-47a3-a618-38d74c56cbf1] INFO  o.eclipse.m2e.core.internal.Bundles - 	Entry: C:\Users\Nishi Verma\.p2\pool\plugins\org.eclipse.m2e.maven.runtime_3.9.600.20231203-1234\jars\wagon-provider-api-3.5.3.jar
2024-07-07 18:58:19,226 [Worker-1: Launching mavenrun-9e2bc6b6-1115-47a3-a618-38d74c56cbf1] INFO  o.eclipse.m2e.core.internal.Bundles - getClasspathEntries(Bundle=com.google.guava_33.0.0.jre [10])
2024-07-07 18:58:19,226 [Worker-1: Launching mavenrun-9e2bc6b6-1115-47a3-a618-38d74c56cbf1] INFO  o.eclipse.m2e.core.internal.Bundles - 	Entry: C:\Users\Nishi Verma\.p2\pool\plugins\com.google.guava_33.0.0.jre.jar
2024-07-07 18:58:19,226 [Worker-1: Launching mavenrun-9e2bc6b6-1115-47a3-a618-38d74c56cbf1] INFO  o.eclipse.m2e.core.internal.Bundles - getClasspathEntries(Bundle=slf4j.api_2.0.12 [1001])
2024-07-07 18:58:19,227 [Worker-1: Launching mavenrun-9e2bc6b6-1115-47a3-a618-38d74c56cbf1] INFO  o.eclipse.m2e.core.internal.Bundles - 	Entry: C:\Users\Nishi Verma\.p2\pool\plugins\slf4j.api_2.0.12.jar
2024-07-07 18:58:19,227 [Worker-1: Launching mavenrun-9e2bc6b6-1115-47a3-a618-38d74c56cbf1] INFO  o.eclipse.m2e.core.internal.Bundles - getClasspathEntries(Bundle=javax.inject_1.0.0.v20091030 [1056])
2024-07-07 18:58:19,227 [Worker-1: Launching mavenrun-9e2bc6b6-1115-47a3-a618-38d74c56cbf1] INFO  o.eclipse.m2e.core.internal.Bundles - 	Entry: C:\Users\Nishi Verma\.p2\pool\plugins\javax.inject_1.0.0.v20091030.jar
2024-07-07 18:58:19,227 [Worker-1: Launching mavenrun-9e2bc6b6-1115-47a3-a618-38d74c56cbf1] INFO  o.eclipse.m2e.core.internal.Bundles - getClasspathEntries(Bundle=javax.annotation_1.3.5.v20200909-1856 [1055])
2024-07-07 18:58:19,228 [Worker-1: Launching mavenrun-9e2bc6b6-1115-47a3-a618-38d74c56cbf1] INFO  o.eclipse.m2e.core.internal.Bundles - 	Entry: C:\Users\Nishi Verma\.p2\pool\plugins\javax.annotation_1.3.5.v20200909-1856.jar
2024-07-07 18:58:19,228 [Worker-1: Launching mavenrun-9e2bc6b6-1115-47a3-a618-38d74c56cbf1] INFO  o.eclipse.m2e.core.internal.Bundles - getClasspathEntries(Bundle=org.apache.commons.cli_1.6.0 [46])
2024-07-07 18:58:19,228 [Worker-1: Launching mavenrun-9e2bc6b6-1115-47a3-a618-38d74c56cbf1] INFO  o.eclipse.m2e.core.internal.Bundles - 	Entry: C:\Users\Nishi Verma\.p2\pool\plugins\org.apache.commons.cli_1.6.0.jar
2024-07-07 18:58:19,228 [Worker-1: Launching mavenrun-9e2bc6b6-1115-47a3-a618-38d74c56cbf1] INFO  o.eclipse.m2e.core.internal.Bundles - getClasspathEntries(Bundle=org.apache.commons.commons-codec_1.16.0 [47])
2024-07-07 18:58:19,229 [Worker-1: Launching mavenrun-9e2bc6b6-1115-47a3-a618-38d74c56cbf1] INFO  o.eclipse.m2e.core.internal.Bundles - 	Entry: C:\Users\Nishi Verma\.p2\pool\plugins\org.apache.commons.commons-codec_1.16.0.jar
2024-07-07 18:58:19,229 [Worker-1: Launching mavenrun-9e2bc6b6-1115-47a3-a618-38d74c56cbf1] INFO  o.eclipse.m2e.core.internal.Bundles - getClasspathEntries(Bundle=org.apache.commons.lang3_3.14.0 [53])
2024-07-07 18:58:19,229 [Worker-1: Launching mavenrun-9e2bc6b6-1115-47a3-a618-38d74c56cbf1] INFO  o.eclipse.m2e.core.internal.Bundles - 	Entry: C:\Users\Nishi Verma\.p2\pool\plugins\org.apache.commons.lang3_3.14.0.jar
2024-07-07 18:58:19,229 [Worker-1: Launching mavenrun-9e2bc6b6-1115-47a3-a618-38d74c56cbf1] INFO  o.eclipse.m2e.core.internal.Bundles - getClasspathEntries(Bundle=com.google.guava.failureaccess_1.0.2 [11])
2024-07-07 18:58:19,229 [Worker-1: Launching mavenrun-9e2bc6b6-1115-47a3-a618-38d74c56cbf1] INFO  o.eclipse.m2e.core.internal.Bundles - 	Entry: C:\Users\Nishi Verma\.p2\pool\plugins\com.google.guava.failureaccess_1.0.2.jar
2024-07-07 18:58:19,233 [Worker-1: Launching mavenrun-9e2bc6b6-1115-47a3-a618-38d74c56cbf1] INFO  o.e.m.i.launch.MavenLaunchDelegate - Run build in "C:\Users\NISHIV~1\AppData\Local\Temp\m2e-archetypeGenerator10983803660803568833":
2024-07-07 18:58:19,239 [Worker-1: Launching mavenrun-9e2bc6b6-1115-47a3-a618-38d74c56cbf1] INFO  o.e.m.i.launch.MavenLaunchDelegate -  mvn  -DarchetypeGroupId=org.apache.maven.archetypes -DarchetypeArtifactId=maven-archetype-quickstart -DarchetypeVersion=1.1 -DgroupId=com.aop -DartifactId=AopAnnotation -Dversion=0.0.1-SNAPSHOT -Dpackage=com.org.sim -DoutputDirectory=D:\API_demos -Dstyle.color=always -U archetype:generate
2024-07-07 18:58:27,290 [Worker-4: Creating maven-archetype-quickstart] INFO  o.e.m.c.i.p.ProjectConfigurationManager - Collecting project info '/pom.xml' D:\API_demos\AopAnnotation\pom.xml
2024-07-07 18:58:29,101 [Worker-4: Creating maven-archetype-quickstart] INFO  o.e.m.c.i.l.LifecycleMappingFactory - Using org.eclipse.m2e.jdt.JarLifecycleMapping lifecycle mapping for MavenProject: com.aop:AopAnnotation:0.0.1-SNAPSHOT @ D:\API_demos\AopAnnotation\pom.xml.
2024-07-07 18:58:29,825 [Worker-4: Creating maven-archetype-quickstart] INFO  o.e.m.j.i.AbstractJavaProjectConfigurator - Adding source folder /AopAnnotation/src/main/java
2024-07-07 18:58:29,827 [Worker-4: Creating maven-archetype-quickstart] INFO  o.e.m.j.i.AbstractJavaProjectConfigurator - Adding resource folder /AopAnnotation/src/main/resources
2024-07-07 18:58:29,832 [Worker-4: Creating maven-archetype-quickstart] INFO  o.e.m.j.i.AbstractJavaProjectConfigurator - Adding source folder /AopAnnotation/src/test/java
2024-07-07 18:58:29,833 [Worker-4: Creating maven-archetype-quickstart] INFO  o.e.m.j.i.AbstractJavaProjectConfigurator - Adding resource folder /AopAnnotation/src/test/resources
2024-07-07 18:58:30,279 [Worker-4: Creating maven-archetype-quickstart] INFO  o.e.m.c.i.p.ProjectConfigurationManager - Imported and configured 1 project(s) in 2 sec
2024-07-07 18:58:31,208 [Worker-7: Building] INFO  o.a.m.s.f.DefaultMavenResourcesFiltering - skip non existing resourceDirectory D:\API_demos\AopAnnotation\src\main\resources
2024-07-07 18:58:31,213 [Worker-7: Building] INFO  o.a.m.s.f.DefaultMavenResourcesFiltering - skip non existing resourceDirectory D:\API_demos\AopAnnotation\src\test\resources
2024-07-07 19:02:31,722 [Worker-5: Building] INFO  o.a.m.s.f.DefaultMavenResourcesFiltering - skip non existing resourceDirectory D:\API_demos\AopAnnotation\src\main\resources
2024-07-07 19:02:31,726 [Worker-5: Building] INFO  o.a.m.s.f.DefaultMavenResourcesFiltering - skip non existing resourceDirectory D:\API_demos\AopAnnotation\src\test\resources
2024-07-07 19:06:16,648 [Worker-21: Building] ERROR o.e.m.c.i.p.r.ProjectRegistryManager - Could not read pom.xml
org.eclipse.core.runtime.CoreException: Could not read pom.xml
	at org.eclipse.m2e.core.internal.IMavenToolbox.readModel(IMavenToolbox.java:245)
	at org.eclipse.m2e.core.internal.project.registry.ProjectRegistryManager.refreshPhase2(ProjectRegistryManager.java:587)
	at org.eclipse.m2e.core.internal.project.registry.ProjectRegistryManager.refresh(ProjectRegistryManager.java:487)
	at org.eclipse.m2e.core.internal.project.registry.ProjectRegistryManager.refresh(ProjectRegistryManager.java:366)
	at org.eclipse.m2e.core.internal.project.registry.ProjectRegistryManager.refresh(ProjectRegistryManager.java:318)
	at org.eclipse.m2e.core.internal.builder.MavenBuilder$BuildMethod.getProjectFacade(MavenBuilder.java:146)
	at org.eclipse.m2e.core.internal.builder.MavenBuilder$BuildMethod.lambda$0(MavenBuilder.java:84)
	at org.eclipse.m2e.core.internal.embedder.MavenExecutionContext.executeBare(MavenExecutionContext.java:458)
	at org.eclipse.m2e.core.internal.embedder.MavenExecutionContext.execute(MavenExecutionContext.java:339)
	at org.eclipse.m2e.core.internal.embedder.MavenExecutionContext.execute(MavenExecutionContext.java:278)
	at org.eclipse.m2e.core.internal.builder.MavenBuilder$BuildMethod.execute(MavenBuilder.java:83)
	at org.eclipse.m2e.core.internal.builder.MavenBuilder.build(MavenBuilder.java:192)
	at org.eclipse.core.internal.events.BuildManager$2.run(BuildManager.java:1077)
	at org.eclipse.core.runtime.SafeRunner.run(SafeRunner.java:47)
	at org.eclipse.core.internal.events.BuildManager.basicBuild(BuildManager.java:296)
	at org.eclipse.core.internal.events.BuildManager.basicBuild(BuildManager.java:352)
	at org.eclipse.core.internal.events.BuildManager$1.run(BuildManager.java:441)
	at org.eclipse.core.runtime.SafeRunner.run(SafeRunner.java:47)
	at org.eclipse.core.internal.events.BuildManager.basicBuild(BuildManager.java:444)
	at org.eclipse.core.internal.events.BuildManager.basicBuildLoop(BuildManager.java:555)
	at org.eclipse.core.internal.events.BuildManager.basicBuildLoop(BuildManager.java:503)
	at org.eclipse.core.internal.events.BuildManager.build(BuildManager.java:585)
	at org.eclipse.core.internal.events.AutoBuildJob.doBuild(AutoBuildJob.java:207)
	at org.eclipse.core.internal.events.AutoBuildJob.run(AutoBuildJob.java:300)
	at org.eclipse.core.internal.jobs.Worker.run(Worker.java:63)
Caused by: org.apache.maven.model.io.ModelParseException: Unrecognised tag: 'pluginManagement' (position: START_TAG seen ...</dependencies>\r\n\t<pluginManagement>... @49:20) 
	at org.apache.maven.model.io.DefaultModelReader.read(DefaultModelReader.java:96)
	at org.apache.maven.model.io.DefaultModelReader.read(DefaultModelReader.java:74)
	at org.eclipse.m2e.core.internal.IMavenToolbox.readModel(IMavenToolbox.java:243)
	... 24 common frames omitted
Caused by: org.codehaus.plexus.util.xml.pull.XmlPullParserException: Unrecognised tag: 'pluginManagement' (position: START_TAG seen ...</dependencies>\r\n\t<pluginManagement>... @49:20) 
	at org.apache.maven.model.io.xpp3.MavenXpp3Reader.checkUnknownElement(MavenXpp3Reader.java:181)
	at org.apache.maven.model.io.xpp3.MavenXpp3Reader.parseModel(MavenXpp3Reader.java:2392)
	at org.apache.maven.model.io.xpp3.MavenXpp3Reader.read(MavenXpp3Reader.java:623)
	at org.apache.maven.model.io.xpp3.MavenXpp3Reader.read(MavenXpp3Reader.java:654)
	at org.apache.maven.model.io.DefaultModelReader.read(DefaultModelReader.java:93)
	... 26 common frames omitted
2024-07-07 19:06:18,001 [Worker-5: Building] ERROR o.e.m.c.i.p.r.ProjectRegistryManager - Could not read pom.xml
org.eclipse.core.runtime.CoreException: Could not read pom.xml
	at org.eclipse.m2e.core.internal.IMavenToolbox.readModel(IMavenToolbox.java:245)
	at org.eclipse.m2e.core.internal.project.registry.ProjectRegistryManager.refreshPhase2(ProjectRegistryManager.java:587)
	at org.eclipse.m2e.core.internal.project.registry.ProjectRegistryManager.refresh(ProjectRegistryManager.java:487)
	at org.eclipse.m2e.core.internal.project.registry.ProjectRegistryManager.refresh(ProjectRegistryManager.java:366)
	at org.eclipse.m2e.core.internal.project.registry.ProjectRegistryManager.refresh(ProjectRegistryManager.java:318)
	at org.eclipse.m2e.core.internal.builder.MavenBuilder$BuildMethod.getProjectFacade(MavenBuilder.java:146)
	at org.eclipse.m2e.core.internal.builder.MavenBuilder$BuildMethod.lambda$0(MavenBuilder.java:84)
	at org.eclipse.m2e.core.internal.embedder.MavenExecutionContext.executeBare(MavenExecutionContext.java:458)
	at org.eclipse.m2e.core.internal.embedder.MavenExecutionContext.execute(MavenExecutionContext.java:339)
	at org.eclipse.m2e.core.internal.embedder.MavenExecutionContext.execute(MavenExecutionContext.java:278)
	at org.eclipse.m2e.core.internal.builder.MavenBuilder$BuildMethod.execute(MavenBuilder.java:83)
	at org.eclipse.m2e.core.internal.builder.MavenBuilder.build(MavenBuilder.java:192)
	at org.eclipse.core.internal.events.BuildManager$2.run(BuildManager.java:1077)
	at org.eclipse.core.runtime.SafeRunner.run(SafeRunner.java:47)
	at org.eclipse.core.internal.events.BuildManager.basicBuild(BuildManager.java:296)
	at org.eclipse.core.internal.events.BuildManager.basicBuild(BuildManager.java:352)
	at org.eclipse.core.internal.events.BuildManager$1.run(BuildManager.java:441)
	at org.eclipse.core.runtime.SafeRunner.run(SafeRunner.java:47)
	at org.eclipse.core.internal.events.BuildManager.basicBuild(BuildManager.java:444)
	at org.eclipse.core.internal.events.BuildManager.basicBuildLoop(BuildManager.java:555)
	at org.eclipse.core.internal.events.BuildManager.basicBuildLoop(BuildManager.java:503)
	at org.eclipse.core.internal.events.BuildManager.build(BuildManager.java:585)
	at org.eclipse.core.internal.events.AutoBuildJob.doBuild(AutoBuildJob.java:207)
	at org.eclipse.core.internal.events.AutoBuildJob.run(AutoBuildJob.java:300)
	at org.eclipse.core.internal.jobs.Worker.run(Worker.java:63)
Caused by: org.apache.maven.model.io.ModelParseException: Unrecognised tag: 'pluginManagement' (position: START_TAG seen ...</dependencies>\r\n\t<pluginManagement>... @49:20) 
	at org.apache.maven.model.io.DefaultModelReader.read(DefaultModelReader.java:96)
	at org.apache.maven.model.io.DefaultModelReader.read(DefaultModelReader.java:74)
	at org.eclipse.m2e.core.internal.IMavenToolbox.readModel(IMavenToolbox.java:243)
	... 24 common frames omitted
Caused by: org.codehaus.plexus.util.xml.pull.XmlPullParserException: Unrecognised tag: 'pluginManagement' (position: START_TAG seen ...</dependencies>\r\n\t<pluginManagement>... @49:20) 
	at org.apache.maven.model.io.xpp3.MavenXpp3Reader.checkUnknownElement(MavenXpp3Reader.java:181)
	at org.apache.maven.model.io.xpp3.MavenXpp3Reader.parseModel(MavenXpp3Reader.java:2392)
	at org.apache.maven.model.io.xpp3.MavenXpp3Reader.read(MavenXpp3Reader.java:623)
	at org.apache.maven.model.io.xpp3.MavenXpp3Reader.read(MavenXpp3Reader.java:654)
	at org.apache.maven.model.io.DefaultModelReader.read(DefaultModelReader.java:93)
	... 26 common frames omitted
2024-07-07 19:06:31,501 [Worker-21: Building] ERROR o.e.m.c.i.p.r.ProjectRegistryManager - Could not read pom.xml
org.eclipse.core.runtime.CoreException: Could not read pom.xml
	at org.eclipse.m2e.core.internal.IMavenToolbox.readModel(IMavenToolbox.java:245)
	at org.eclipse.m2e.core.internal.project.registry.ProjectRegistryManager.refreshPhase2(ProjectRegistryManager.java:587)
	at org.eclipse.m2e.core.internal.project.registry.ProjectRegistryManager.refresh(ProjectRegistryManager.java:487)
	at org.eclipse.m2e.core.internal.project.registry.ProjectRegistryManager.refresh(ProjectRegistryManager.java:366)
	at org.eclipse.m2e.core.internal.project.registry.ProjectRegistryManager.refresh(ProjectRegistryManager.java:318)
	at org.eclipse.m2e.core.internal.builder.MavenBuilder$BuildMethod.getProjectFacade(MavenBuilder.java:146)
	at org.eclipse.m2e.core.internal.builder.MavenBuilder$BuildMethod.lambda$0(MavenBuilder.java:84)
	at org.eclipse.m2e.core.internal.embedder.MavenExecutionContext.executeBare(MavenExecutionContext.java:458)
	at org.eclipse.m2e.core.internal.embedder.MavenExecutionContext.execute(MavenExecutionContext.java:339)
	at org.eclipse.m2e.core.internal.embedder.MavenExecutionContext.execute(MavenExecutionContext.java:278)
	at org.eclipse.m2e.core.internal.builder.MavenBuilder$BuildMethod.execute(MavenBuilder.java:83)
	at org.eclipse.m2e.core.internal.builder.MavenBuilder.build(MavenBuilder.java:192)
	at org.eclipse.core.internal.events.BuildManager$2.run(BuildManager.java:1077)
	at org.eclipse.core.runtime.SafeRunner.run(SafeRunner.java:47)
	at org.eclipse.core.internal.events.BuildManager.basicBuild(BuildManager.java:296)
	at org.eclipse.core.internal.events.BuildManager.basicBuild(BuildManager.java:352)
	at org.eclipse.core.internal.events.BuildManager$1.run(BuildManager.java:441)
	at org.eclipse.core.runtime.SafeRunner.run(SafeRunner.java:47)
	at org.eclipse.core.internal.events.BuildManager.basicBuild(BuildManager.java:444)
	at org.eclipse.core.internal.events.BuildManager.basicBuildLoop(BuildManager.java:555)
	at org.eclipse.core.internal.events.BuildManager.basicBuildLoop(BuildManager.java:503)
	at org.eclipse.core.internal.events.BuildManager.build(BuildManager.java:585)
	at org.eclipse.core.internal.events.AutoBuildJob.doBuild(AutoBuildJob.java:207)
	at org.eclipse.core.internal.events.AutoBuildJob.run(AutoBuildJob.java:300)
	at org.eclipse.core.internal.jobs.Worker.run(Worker.java:63)
Caused by: org.apache.maven.model.io.ModelParseException: Unrecognised tag: 'pluginManagement' (position: START_TAG seen ...</dependencies>\r\n\t<pluginManagement>... @49:20) 
	at org.apache.maven.model.io.DefaultModelReader.read(DefaultModelReader.java:96)
	at org.apache.maven.model.io.DefaultModelReader.read(DefaultModelReader.java:74)
	at org.eclipse.m2e.core.internal.IMavenToolbox.readModel(IMavenToolbox.java:243)
	... 24 common frames omitted
Caused by: org.codehaus.plexus.util.xml.pull.XmlPullParserException: Unrecognised tag: 'pluginManagement' (position: START_TAG seen ...</dependencies>\r\n\t<pluginManagement>... @49:20) 
	at org.apache.maven.model.io.xpp3.MavenXpp3Reader.checkUnknownElement(MavenXpp3Reader.java:181)
	at org.apache.maven.model.io.xpp3.MavenXpp3Reader.parseModel(MavenXpp3Reader.java:2392)
	at org.apache.maven.model.io.xpp3.MavenXpp3Reader.read(MavenXpp3Reader.java:623)
	at org.apache.maven.model.io.xpp3.MavenXpp3Reader.read(MavenXpp3Reader.java:654)
	at org.apache.maven.model.io.DefaultModelReader.read(DefaultModelReader.java:93)
	... 26 common frames omitted
2024-07-07 19:07:10,861 [Worker-21: Building] INFO  o.e.m.c.i.l.LifecycleMappingFactory - Using org.eclipse.m2e.jdt.JarLifecycleMapping lifecycle mapping for MavenProject: com.aop:AopAnnotation:0.0.1-SNAPSHOT @ D:\API_demos\AopAnnotation\pom.xml.
2024-07-07 19:07:11,485 [Worker-21: Building] INFO  o.e.m.c.i.embedder.EclipseLogger - Using 'UTF-8' encoding to copy filtered resources.
2024-07-07 19:07:11,485 [Worker-21: Building] INFO  o.e.m.c.i.embedder.EclipseLogger - skip non existing resourceDirectory D:\API_demos\AopAnnotation\src\main\resources
2024-07-07 19:07:11,489 [Worker-21: Building] INFO  o.e.m.c.i.embedder.EclipseLogger - Using 'UTF-8' encoding to copy filtered resources.
2024-07-07 19:07:11,490 [Worker-21: Building] INFO  o.e.m.c.i.embedder.EclipseLogger - skip non existing resourceDirectory D:\API_demos\AopAnnotation\src\test\resources
2024-07-07 19:07:11,577 [Worker-9: Updating Maven Project] INFO  o.e.m.c.i.p.ProjectConfigurationManager - Update started
2024-07-07 19:07:12,063 [Worker-3: Building] INFO  o.e.m.c.i.embedder.EclipseLogger - Using 'UTF-8' encoding to copy filtered resources.
2024-07-07 19:07:12,063 [Worker-3: Building] INFO  o.e.m.c.i.embedder.EclipseLogger - skip non existing resourceDirectory D:\API_demos\AopAnnotation\src\main\resources
2024-07-07 19:07:12,068 [Worker-3: Building] INFO  o.e.m.c.i.embedder.EclipseLogger - Using 'UTF-8' encoding to copy filtered resources.
2024-07-07 19:07:12,068 [Worker-3: Building] INFO  o.e.m.c.i.embedder.EclipseLogger - skip non existing resourceDirectory D:\API_demos\AopAnnotation\src\test\resources
2024-07-07 19:07:39,586 [Worker-3: Updating Maven Project] INFO  o.e.m.c.i.p.ProjectConfigurationManager - Update started
2024-07-07 19:08:07,411 [Worker-5: Updating Maven Project] INFO  o.e.m.c.i.p.ProjectConfigurationManager - Update started
2024-07-07 19:10:50,456 [Worker-3: Building] INFO  o.e.m.c.i.embedder.EclipseLogger - Using 'UTF-8' encoding to copy filtered resources.
2024-07-07 19:10:50,456 [Worker-3: Building] INFO  o.e.m.c.i.embedder.EclipseLogger - skip non existing resourceDirectory D:\API_demos\AopAnnotation\src\main\resources
2024-07-07 19:10:50,458 [Worker-3: Building] INFO  o.e.m.c.i.embedder.EclipseLogger - Using 'UTF-8' encoding to copy filtered resources.
2024-07-07 19:10:50,459 [Worker-3: Building] INFO  o.e.m.c.i.embedder.EclipseLogger - skip non existing resourceDirectory D:\API_demos\AopAnnotation\src\test\resources
2024-07-07 19:11:06,344 [Worker-2: Loading available Gradle versions] INFO  o.e.b.c.i.u.g.PublishedGradleVersions - Gradle version information cache is up-to-date. Trying to read.
2024-07-07 19:53:36,431 [Worker-73: Enabling Maven Dependency Management] INFO  o.e.m.c.i.l.LifecycleMappingFactory - Using org.maven.ide.eclipse.wtp.WarLifecycleMapping lifecycle mapping for MavenProject: springmvcdemo:springmvcdemo:0.0.1-SNAPSHOT @ D:\API_demos\springmvcdemo\pom.xml.
2024-07-07 19:53:40,524 [Worker-73: Enabling Maven Dependency Management] INFO  o.e.m.j.i.AbstractJavaProjectConfigurator - Adding source folder /springmvcdemo/src/main/java
2024-07-07 19:53:40,530 [Worker-73: Enabling Maven Dependency Management] INFO  o.e.m.j.i.AbstractJavaProjectConfigurator - Adding resource folder /springmvcdemo/src/main/resources
2024-07-07 19:53:40,532 [Worker-73: Enabling Maven Dependency Management] INFO  o.e.m.j.i.AbstractJavaProjectConfigurator - Adding source folder /springmvcdemo/src/test/java
2024-07-07 19:53:40,534 [Worker-73: Enabling Maven Dependency Management] INFO  o.e.m.j.i.AbstractJavaProjectConfigurator - Adding resource folder /springmvcdemo/src/test/resources
2024-07-07 19:53:43,590 [Worker-73: Enabling Maven Dependency Management] INFO  o.e.m.c.i.p.ProjectConfigurationManager - Update started
2024-07-07 19:54:00,183 [Worker-73: Enabling Maven Dependency Management] INFO  o.e.m.c.i.l.LifecycleMappingFactory - Using org.maven.ide.eclipse.wtp.WarLifecycleMapping lifecycle mapping for MavenProject: springmvcdemo:springmvcdemo:0.0.1-SNAPSHOT @ D:\API_demos\springmvcdemo\pom.xml.
2024-07-07 19:54:06,424 [Worker-73: Enabling Maven Dependency Management] INFO  o.e.m.j.i.AbstractJavaProjectConfigurator - Adding source folder /springmvcdemo/src/main/java
2024-07-07 19:54:06,427 [Worker-73: Enabling Maven Dependency Management] INFO  o.e.m.j.i.AbstractJavaProjectConfigurator - Adding resource folder /springmvcdemo/src/main/resources
2024-07-07 19:54:06,429 [Worker-73: Enabling Maven Dependency Management] INFO  o.e.m.j.i.AbstractJavaProjectConfigurator - Adding source folder /springmvcdemo/src/test/java
2024-07-07 19:54:06,431 [Worker-73: Enabling Maven Dependency Management] INFO  o.e.m.j.i.AbstractJavaProjectConfigurator - Adding resource folder /springmvcdemo/src/test/resources
2024-07-07 19:54:09,571 [Worker-73: Enabling Maven Dependency Management] INFO  o.e.m.w.i.f.ResourceFilteringBuildParticipant - Cleaning filtered folder for springmvcdemo
2024-07-07 19:54:09,629 [Worker-73: Enabling Maven Dependency Management] INFO  o.e.m.c.i.p.ProjectConfigurationManager - Update completed for 1 poms: local refresh takes 0.00 sec, refresh facades takes 20.00 sec, update config takes 5.00 sec 
2024-07-07 19:54:10,057 [Worker-55: Building] WARN  o.a.m.s.f.DefaultMavenResourcesFiltering - Using platform encoding (Cp1252 actually) to copy filtered resources, i.e. build is platform dependent!
2024-07-07 19:54:10,060 [Worker-55: Building] INFO  o.a.m.s.f.DefaultMavenResourcesFiltering - skip non existing resourceDirectory D:\API_demos\springmvcdemo\src\main\resources
2024-07-07 19:54:10,077 [Worker-55: Building] WARN  o.a.m.s.f.DefaultMavenResourcesFiltering - Using platform encoding (Cp1252 actually) to copy filtered resources, i.e. build is platform dependent!
2024-07-07 19:54:10,083 [Worker-55: Building] INFO  o.a.m.s.f.DefaultMavenResourcesFiltering - skip non existing resourceDirectory D:\API_demos\springmvcdemo\src\test\resources
2024-07-07 19:54:10,084 [Worker-55: Building] INFO  o.e.m.w.i.f.ResourceFilteringBuildParticipant - Changed resources require a complete clean of filtered resources of springmvcdemo
2024-07-07 19:54:10,085 [Worker-55: Building] INFO  o.e.m.w.i.f.ResourceFilteringBuildParticipant - Executing resource filtering for springmvcdemo
2024-07-07 20:01:33,176 [Worker-80: Enabling Maven Dependency Management] INFO  o.e.m.c.i.l.LifecycleMappingFactory - Using org.maven.ide.eclipse.wtp.WarLifecycleMapping lifecycle mapping for MavenProject: firstmvcproject:firstmvcproject:0.0.1-SNAPSHOT @ D:\API_demos\firstmvcproject\pom.xml.
2024-07-07 20:01:34,394 [Worker-80: Enabling Maven Dependency Management] INFO  o.e.m.j.i.AbstractJavaProjectConfigurator - Adding source folder /firstmvcproject/src/main/java
2024-07-07 20:01:34,396 [Worker-80: Enabling Maven Dependency Management] INFO  o.e.m.j.i.AbstractJavaProjectConfigurator - Adding resource folder /firstmvcproject/src/main/resources
2024-07-07 20:01:34,396 [Worker-80: Enabling Maven Dependency Management] INFO  o.e.m.j.i.AbstractJavaProjectConfigurator - Adding source folder /firstmvcproject/src/test/java
2024-07-07 20:01:34,398 [Worker-80: Enabling Maven Dependency Management] INFO  o.e.m.j.i.AbstractJavaProjectConfigurator - Adding resource folder /firstmvcproject/src/test/resources
2024-07-07 20:01:36,606 [Worker-80: Enabling Maven Dependency Management] INFO  o.e.m.c.i.p.ProjectConfigurationManager - Update started
2024-07-07 20:01:36,750 [Worker-80: Enabling Maven Dependency Management] INFO  o.e.m.c.i.l.LifecycleMappingFactory - Using org.maven.ide.eclipse.wtp.WarLifecycleMapping lifecycle mapping for MavenProject: firstmvcproject:firstmvcproject:0.0.1-SNAPSHOT @ D:\API_demos\firstmvcproject\pom.xml.
2024-07-07 20:01:37,886 [Worker-80: Enabling Maven Dependency Management] INFO  o.e.m.j.i.AbstractJavaProjectConfigurator - Adding source folder /firstmvcproject/src/main/java
2024-07-07 20:01:37,887 [Worker-80: Enabling Maven Dependency Management] INFO  o.e.m.j.i.AbstractJavaProjectConfigurator - Adding resource folder /firstmvcproject/src/main/resources
2024-07-07 20:01:37,890 [Worker-80: Enabling Maven Dependency Management] INFO  o.e.m.j.i.AbstractJavaProjectConfigurator - Adding source folder /firstmvcproject/src/test/java
2024-07-07 20:01:37,893 [Worker-80: Enabling Maven Dependency Management] INFO  o.e.m.j.i.AbstractJavaProjectConfigurator - Adding resource folder /firstmvcproject/src/test/resources
2024-07-07 20:01:39,479 [Worker-80: Enabling Maven Dependency Management] INFO  o.e.m.w.i.f.ResourceFilteringBuildParticipant - Cleaning filtered folder for firstmvcproject
2024-07-07 20:01:39,519 [Worker-80: Enabling Maven Dependency Management] INFO  o.e.m.c.i.p.ProjectConfigurationManager - Update completed for 1 poms: local refresh takes 0.00 sec, refresh facades takes 1.00 sec, update config takes 1.00 sec 
2024-07-07 20:01:39,822 [Worker-103: Building] WARN  o.a.m.s.f.DefaultMavenResourcesFiltering - Using platform encoding (Cp1252 actually) to copy filtered resources, i.e. build is platform dependent!
2024-07-07 20:01:39,823 [Worker-103: Building] INFO  o.a.m.s.f.DefaultMavenResourcesFiltering - skip non existing resourceDirectory D:\API_demos\firstmvcproject\src\main\resources
2024-07-07 20:01:39,829 [Worker-103: Building] WARN  o.a.m.s.f.DefaultMavenResourcesFiltering - Using platform encoding (Cp1252 actually) to copy filtered resources, i.e. build is platform dependent!
2024-07-07 20:01:39,830 [Worker-103: Building] INFO  o.a.m.s.f.DefaultMavenResourcesFiltering - skip non existing resourceDirectory D:\API_demos\firstmvcproject\src\test\resources
2024-07-07 20:01:39,831 [Worker-103: Building] INFO  o.e.m.w.i.f.ResourceFilteringBuildParticipant - Changed resources require a complete clean of filtered resources of firstmvcproject
2024-07-07 20:01:39,831 [Worker-103: Building] INFO  o.e.m.w.i.f.ResourceFilteringBuildParticipant - Executing resource filtering for firstmvcproject
2024-07-07 20:03:06,121 [Worker-102: Updating Maven Project] INFO  o.e.m.c.i.p.ProjectConfigurationManager - Update started
2024-07-07 20:03:07,402 [Worker-102: Updating Maven Project] INFO  o.e.m.c.i.l.LifecycleMappingFactory - Using org.maven.ide.eclipse.wtp.WarLifecycleMapping lifecycle mapping for MavenProject: springmvcdemo:springmvcdemo:0.0.1-SNAPSHOT @ D:\API_demos\springmvcdemo\pom.xml.
2024-07-07 20:03:07,856 [Worker-102: Updating Maven Project] INFO  o.e.m.c.i.l.LifecycleMappingFactory - Using org.maven.ide.eclipse.wtp.WarLifecycleMapping lifecycle mapping for MavenProject: firstmvcproject:firstmvcproject:0.0.1-SNAPSHOT @ D:\API_demos\firstmvcproject\pom.xml.
2024-07-07 20:03:09,460 [Worker-102: Updating Maven Project] INFO  o.e.m.j.i.AbstractJavaProjectConfigurator - Adding source folder /springmvcdemo/src/main/java
2024-07-07 20:03:09,463 [Worker-102: Updating Maven Project] INFO  o.e.m.j.i.AbstractJavaProjectConfigurator - Adding resource folder /springmvcdemo/src/main/resources
2024-07-07 20:03:09,464 [Worker-102: Updating Maven Project] INFO  o.e.m.j.i.AbstractJavaProjectConfigurator - Adding source folder /springmvcdemo/src/test/java
2024-07-07 20:03:09,465 [Worker-102: Updating Maven Project] INFO  o.e.m.j.i.AbstractJavaProjectConfigurator - Adding resource folder /springmvcdemo/src/test/resources
2024-07-07 20:03:10,167 [Worker-102: Updating Maven Project] INFO  o.e.m.w.i.f.ResourceFilteringBuildParticipant - Cleaning filtered folder for springmvcdemo
2024-07-07 20:03:10,187 [Worker-102: Updating Maven Project] INFO  o.e.m.c.i.p.ProjectConfigurationManager - Update completed for 1 poms: local refresh takes 0.00 sec, refresh facades takes 3.00 sec, update config takes 0.00 sec 
2024-07-07 20:03:10,619 [Worker-84: Building] WARN  o.a.m.s.f.DefaultMavenResourcesFiltering - Using platform encoding (Cp1252 actually) to copy filtered resources, i.e. build is platform dependent!
2024-07-07 20:03:10,621 [Worker-84: Building] INFO  o.a.m.s.f.DefaultMavenResourcesFiltering - skip non existing resourceDirectory D:\API_demos\springmvcdemo\src\main\resources
2024-07-07 20:03:10,630 [Worker-84: Building] WARN  o.a.m.s.f.DefaultMavenResourcesFiltering - Using platform encoding (Cp1252 actually) to copy filtered resources, i.e. build is platform dependent!
2024-07-07 20:03:10,631 [Worker-84: Building] INFO  o.a.m.s.f.DefaultMavenResourcesFiltering - skip non existing resourceDirectory D:\API_demos\springmvcdemo\src\test\resources
2024-07-07 20:03:10,632 [Worker-84: Building] INFO  o.e.m.w.i.f.ResourceFilteringBuildParticipant - Changed resources require a complete clean of filtered resources of springmvcdemo
2024-07-07 20:03:10,633 [Worker-84: Building] INFO  o.e.m.w.i.f.ResourceFilteringBuildParticipant - Executing resource filtering for springmvcdemo
2024-07-07 20:05:21,314 [Worker-88: Building] INFO  o.e.m.c.i.l.LifecycleMappingFactory - Using org.maven.ide.eclipse.wtp.WarLifecycleMapping lifecycle mapping for MavenProject: springmvcdemo:springmvcdemo:0.0.1-SNAPSHOT @ D:\API_demos\springmvcdemo\pom.xml.
2024-07-07 20:05:22,731 [Worker-88: Building] WARN  o.a.m.s.f.DefaultMavenResourcesFiltering - Using platform encoding (Cp1252 actually) to copy filtered resources, i.e. build is platform dependent!
2024-07-07 20:05:22,733 [Worker-88: Building] INFO  o.a.m.s.f.DefaultMavenResourcesFiltering - skip non existing resourceDirectory D:\API_demos\springmvcdemo\src\main\resources
2024-07-07 20:05:22,739 [Worker-88: Building] WARN  o.a.m.s.f.DefaultMavenResourcesFiltering - Using platform encoding (Cp1252 actually) to copy filtered resources, i.e. build is platform dependent!
2024-07-07 20:05:22,742 [Worker-88: Building] INFO  o.a.m.s.f.DefaultMavenResourcesFiltering - skip non existing resourceDirectory D:\API_demos\springmvcdemo\src\test\resources
2024-07-07 20:05:22,742 [Worker-88: Building] INFO  o.e.m.w.i.f.ResourceFilteringBuildParticipant - Changed resources require a complete clean of filtered resources of springmvcdemo
2024-07-07 20:05:22,744 [Worker-88: Building] INFO  o.e.m.w.i.f.ResourceFilteringBuildParticipant - Executing resource filtering for springmvcdemo
2024-07-07 20:05:22,789 [Worker-88: Updating Maven Project] INFO  o.e.m.c.i.p.ProjectConfigurationManager - Update started
2024-07-07 20:05:22,887 [Worker-88: Updating Maven Project] INFO  o.e.m.c.i.l.LifecycleMappingFactory - Using org.maven.ide.eclipse.wtp.WarLifecycleMapping lifecycle mapping for MavenProject: springmvcdemo:springmvcdemo:0.0.1-SNAPSHOT @ D:\API_demos\springmvcdemo\pom.xml.
2024-07-07 20:05:23,602 [Worker-88: Updating Maven Project] INFO  o.e.m.j.i.AbstractJavaProjectConfigurator - Adding source folder /springmvcdemo/src/main/java
2024-07-07 20:05:23,604 [Worker-88: Updating Maven Project] INFO  o.e.m.j.i.AbstractJavaProjectConfigurator - Adding resource folder /springmvcdemo/src/main/resources
2024-07-07 20:05:23,605 [Worker-88: Updating Maven Project] INFO  o.e.m.j.i.AbstractJavaProjectConfigurator - Adding source folder /springmvcdemo/src/test/java
2024-07-07 20:05:23,606 [Worker-88: Updating Maven Project] INFO  o.e.m.j.i.AbstractJavaProjectConfigurator - Adding resource folder /springmvcdemo/src/test/resources
2024-07-07 20:05:24,369 [Worker-88: Updating Maven Project] INFO  o.e.m.w.i.f.ResourceFilteringBuildParticipant - Cleaning filtered folder for springmvcdemo
2024-07-07 20:05:24,389 [Worker-88: Updating Maven Project] INFO  o.e.m.c.i.p.ProjectConfigurationManager - Update completed for 1 poms: local refresh takes 0.00 sec, refresh facades takes 0.00 sec, update config takes 0.00 sec 
2024-07-07 20:05:24,606 [Worker-99: Building] WARN  o.a.m.s.f.DefaultMavenResourcesFiltering - Using platform encoding (Cp1252 actually) to copy filtered resources, i.e. build is platform dependent!
2024-07-07 20:05:24,607 [Worker-99: Building] INFO  o.a.m.s.f.DefaultMavenResourcesFiltering - skip non existing resourceDirectory D:\API_demos\springmvcdemo\src\main\resources
2024-07-07 20:05:24,615 [Worker-99: Building] WARN  o.a.m.s.f.DefaultMavenResourcesFiltering - Using platform encoding (Cp1252 actually) to copy filtered resources, i.e. build is platform dependent!
2024-07-07 20:05:24,617 [Worker-99: Building] INFO  o.a.m.s.f.DefaultMavenResourcesFiltering - skip non existing resourceDirectory D:\API_demos\springmvcdemo\src\test\resources
2024-07-07 20:05:24,617 [Worker-99: Building] INFO  o.e.m.w.i.f.ResourceFilteringBuildParticipant - Changed resources require a complete clean of filtered resources of springmvcdemo
2024-07-07 20:05:24,617 [Worker-99: Building] INFO  o.e.m.w.i.f.ResourceFilteringBuildParticipant - Executing resource filtering for springmvcdemo
2024-07-07 20:09:00,512 [Worker-110: Building] INFO  o.e.m.c.i.l.LifecycleMappingFactory - Using org.maven.ide.eclipse.wtp.WarLifecycleMapping lifecycle mapping for MavenProject: springmvcdemo:springmvcdemo:0.0.1-SNAPSHOT @ D:\API_demos\springmvcdemo\pom.xml.
2024-07-07 20:09:02,744 [Worker-110: Building] WARN  o.a.m.s.f.DefaultMavenResourcesFiltering - Using platform encoding (Cp1252 actually) to copy filtered resources, i.e. build is platform dependent!
2024-07-07 20:09:02,746 [Worker-110: Building] INFO  o.a.m.s.f.DefaultMavenResourcesFiltering - skip non existing resourceDirectory D:\API_demos\springmvcdemo\src\main\resources
2024-07-07 20:09:02,750 [Worker-110: Building] WARN  o.a.m.s.f.DefaultMavenResourcesFiltering - Using platform encoding (Cp1252 actually) to copy filtered resources, i.e. build is platform dependent!
2024-07-07 20:09:02,752 [Worker-110: Building] INFO  o.a.m.s.f.DefaultMavenResourcesFiltering - skip non existing resourceDirectory D:\API_demos\springmvcdemo\src\test\resources
2024-07-07 20:09:02,753 [Worker-110: Building] INFO  o.e.m.w.i.f.ResourceFilteringBuildParticipant - Changed resources require a complete clean of filtered resources of springmvcdemo
2024-07-07 20:09:02,753 [Worker-110: Building] INFO  o.e.m.w.i.f.ResourceFilteringBuildParticipant - Executing resource filtering for springmvcdemo
2024-07-07 20:10:35,725 [Worker-115: Building] INFO  o.e.m.c.i.l.LifecycleMappingFactory - Using org.maven.ide.eclipse.wtp.WarLifecycleMapping lifecycle mapping for MavenProject: springmvcdemo:springmvcdemo:0.0.1-SNAPSHOT @ D:\API_demos\springmvcdemo\pom.xml.
2024-07-07 20:10:38,367 [Worker-115: Building] WARN  o.a.m.s.f.DefaultMavenResourcesFiltering - Using platform encoding (Cp1252 actually) to copy filtered resources, i.e. build is platform dependent!
2024-07-07 20:10:38,369 [Worker-115: Building] INFO  o.a.m.s.f.DefaultMavenResourcesFiltering - skip non existing resourceDirectory D:\API_demos\springmvcdemo\src\main\resources
2024-07-07 20:10:38,375 [Worker-115: Building] WARN  o.a.m.s.f.DefaultMavenResourcesFiltering - Using platform encoding (Cp1252 actually) to copy filtered resources, i.e. build is platform dependent!
2024-07-07 20:10:38,376 [Worker-115: Building] INFO  o.a.m.s.f.DefaultMavenResourcesFiltering - skip non existing resourceDirectory D:\API_demos\springmvcdemo\src\test\resources
2024-07-07 20:10:38,377 [Worker-115: Building] INFO  o.e.m.w.i.f.ResourceFilteringBuildParticipant - Changed resources require a complete clean of filtered resources of springmvcdemo
2024-07-07 20:10:38,377 [Worker-115: Building] INFO  o.e.m.w.i.f.ResourceFilteringBuildParticipant - Executing resource filtering for springmvcdemo
2024-07-07 20:15:41,328 [Worker-114: Updating Maven Project] INFO  o.e.m.c.i.p.ProjectConfigurationManager - Update started
2024-07-07 20:15:41,510 [Worker-114: Updating Maven Project] INFO  o.e.m.c.i.l.LifecycleMappingFactory - Using org.maven.ide.eclipse.wtp.WarLifecycleMapping lifecycle mapping for MavenProject: springmvcdemo:springmvcdemo:0.0.1-SNAPSHOT @ D:\API_demos\springmvcdemo\pom.xml.
2024-07-07 20:15:43,539 [Worker-114: Updating Maven Project] INFO  o.e.m.j.i.AbstractJavaProjectConfigurator - Adding source folder /springmvcdemo/src/main/java
2024-07-07 20:15:43,541 [Worker-114: Updating Maven Project] INFO  o.e.m.j.i.AbstractJavaProjectConfigurator - Adding resource folder /springmvcdemo/src/main/resources
2024-07-07 20:15:43,541 [Worker-114: Updating Maven Project] INFO  o.e.m.j.i.AbstractJavaProjectConfigurator - Adding source folder /springmvcdemo/src/test/java
2024-07-07 20:15:43,541 [Worker-114: Updating Maven Project] INFO  o.e.m.j.i.AbstractJavaProjectConfigurator - Adding resource folder /springmvcdemo/src/test/resources
2024-07-07 20:15:44,893 [Worker-114: Updating Maven Project] INFO  o.e.m.w.i.f.ResourceFilteringBuildParticipant - Cleaning filtered folder for springmvcdemo
2024-07-07 20:15:44,922 [Worker-114: Updating Maven Project] INFO  o.e.m.c.i.p.ProjectConfigurationManager - Update completed for 1 poms: local refresh takes 0.00 sec, refresh facades takes 1.00 sec, update config takes 0.00 sec 
2024-07-07 20:15:45,350 [Worker-119: Building] WARN  o.a.m.s.f.DefaultMavenResourcesFiltering - Using platform encoding (Cp1252 actually) to copy filtered resources, i.e. build is platform dependent!
2024-07-07 20:15:45,354 [Worker-119: Building] INFO  o.a.m.s.f.DefaultMavenResourcesFiltering - skip non existing resourceDirectory D:\API_demos\springmvcdemo\src\main\resources
2024-07-07 20:15:45,367 [Worker-119: Building] WARN  o.a.m.s.f.DefaultMavenResourcesFiltering - Using platform encoding (Cp1252 actually) to copy filtered resources, i.e. build is platform dependent!
2024-07-07 20:15:45,369 [Worker-119: Building] INFO  o.a.m.s.f.DefaultMavenResourcesFiltering - skip non existing resourceDirectory D:\API_demos\springmvcdemo\src\test\resources
2024-07-07 20:15:45,369 [Worker-119: Building] INFO  o.e.m.w.i.f.ResourceFilteringBuildParticipant - Changed resources require a complete clean of filtered resources of springmvcdemo
2024-07-07 20:15:45,369 [Worker-119: Building] INFO  o.e.m.w.i.f.ResourceFilteringBuildParticipant - Executing resource filtering for springmvcdemo
2024-07-07 20:16:51,198 [Worker-110: Building] WARN  o.a.m.s.f.DefaultMavenResourcesFiltering - Using platform encoding (Cp1252 actually) to copy filtered resources, i.e. build is platform dependent!
2024-07-07 20:16:51,201 [Worker-110: Building] INFO  o.a.m.s.f.DefaultMavenResourcesFiltering - skip non existing resourceDirectory D:\API_demos\springmvcdemo\src\main\resources
2024-07-07 20:16:51,210 [Worker-110: Building] WARN  o.a.m.s.f.DefaultMavenResourcesFiltering - Using platform encoding (Cp1252 actually) to copy filtered resources, i.e. build is platform dependent!
2024-07-07 20:16:51,211 [Worker-110: Building] INFO  o.a.m.s.f.DefaultMavenResourcesFiltering - skip non existing resourceDirectory D:\API_demos\springmvcdemo\src\test\resources
2024-07-07 20:22:56,401 [Worker-124: Building] WARN  o.a.m.s.f.DefaultMavenResourcesFiltering - Using platform encoding (Cp1252 actually) to copy filtered resources, i.e. build is platform dependent!
2024-07-07 20:22:56,402 [Worker-124: Building] INFO  o.a.m.s.f.DefaultMavenResourcesFiltering - skip non existing resourceDirectory D:\API_demos\springmvcdemo\src\main\resources
2024-07-07 20:22:56,406 [Worker-124: Building] WARN  o.a.m.s.f.DefaultMavenResourcesFiltering - Using platform encoding (Cp1252 actually) to copy filtered resources, i.e. build is platform dependent!
2024-07-07 20:22:56,407 [Worker-124: Building] INFO  o.a.m.s.f.DefaultMavenResourcesFiltering - skip non existing resourceDirectory D:\API_demos\springmvcdemo\src\test\resources
2024-07-07 20:22:59,652 [Worker-121: Building] WARN  o.a.m.s.f.DefaultMavenResourcesFiltering - Using platform encoding (Cp1252 actually) to copy filtered resources, i.e. build is platform dependent!
2024-07-07 20:22:59,654 [Worker-121: Building] INFO  o.a.m.s.f.DefaultMavenResourcesFiltering - skip non existing resourceDirectory D:\API_demos\springmvcdemo\src\main\resources
2024-07-07 20:22:59,657 [Worker-121: Building] WARN  o.a.m.s.f.DefaultMavenResourcesFiltering - Using platform encoding (Cp1252 actually) to copy filtered resources, i.e. build is platform dependent!
2024-07-07 20:22:59,658 [Worker-121: Building] INFO  o.a.m.s.f.DefaultMavenResourcesFiltering - skip non existing resourceDirectory D:\API_demos\springmvcdemo\src\test\resources
2024-07-07 20:25:42,169 [Worker-124: Building] WARN  o.a.m.s.f.DefaultMavenResourcesFiltering - Using platform encoding (Cp1252 actually) to copy filtered resources, i.e. build is platform dependent!
2024-07-07 20:25:42,173 [Worker-124: Building] INFO  o.a.m.s.f.DefaultMavenResourcesFiltering - skip non existing resourceDirectory D:\API_demos\springmvcdemo\src\main\resources
2024-07-07 20:25:42,182 [Worker-124: Building] WARN  o.a.m.s.f.DefaultMavenResourcesFiltering - Using platform encoding (Cp1252 actually) to copy filtered resources, i.e. build is platform dependent!
2024-07-07 20:25:42,186 [Worker-124: Building] INFO  o.a.m.s.f.DefaultMavenResourcesFiltering - skip non existing resourceDirectory D:\API_demos\springmvcdemo\src\test\resources
2024-07-07 20:29:07,014 [Worker-117: Building] WARN  o.a.m.s.f.DefaultMavenResourcesFiltering - Using platform encoding (Cp1252 actually) to copy filtered resources, i.e. build is platform dependent!
2024-07-07 20:29:07,016 [Worker-117: Building] INFO  o.a.m.s.f.DefaultMavenResourcesFiltering - skip non existing resourceDirectory D:\API_demos\springmvcdemo\src\main\resources
2024-07-07 20:29:07,021 [Worker-117: Building] WARN  o.a.m.s.f.DefaultMavenResourcesFiltering - Using platform encoding (Cp1252 actually) to copy filtered resources, i.e. build is platform dependent!
2024-07-07 20:29:07,023 [Worker-117: Building] INFO  o.a.m.s.f.DefaultMavenResourcesFiltering - skip non existing resourceDirectory D:\API_demos\springmvcdemo\src\test\resources
2024-07-07 20:31:28,126 [Worker-132: Building] WARN  o.a.m.s.f.DefaultMavenResourcesFiltering - Using platform encoding (Cp1252 actually) to copy filtered resources, i.e. build is platform dependent!
2024-07-07 20:31:28,127 [Worker-132: Building] INFO  o.a.m.s.f.DefaultMavenResourcesFiltering - skip non existing resourceDirectory D:\API_demos\springmvcdemo\src\main\resources
2024-07-07 20:31:28,130 [Worker-132: Building] WARN  o.a.m.s.f.DefaultMavenResourcesFiltering - Using platform encoding (Cp1252 actually) to copy filtered resources, i.e. build is platform dependent!
2024-07-07 20:31:28,131 [Worker-132: Building] INFO  o.a.m.s.f.DefaultMavenResourcesFiltering - skip non existing resourceDirectory D:\API_demos\springmvcdemo\src\test\resources
2024-07-07 20:35:11,205 [Worker-133: Building] WARN  o.a.m.s.f.DefaultMavenResourcesFiltering - Using platform encoding (Cp1252 actually) to copy filtered resources, i.e. build is platform dependent!
2024-07-07 20:35:11,207 [Worker-133: Building] INFO  o.a.m.s.f.DefaultMavenResourcesFiltering - skip non existing resourceDirectory D:\API_demos\springmvcdemo\src\main\resources
2024-07-07 20:35:11,216 [Worker-133: Building] WARN  o.a.m.s.f.DefaultMavenResourcesFiltering - Using platform encoding (Cp1252 actually) to copy filtered resources, i.e. build is platform dependent!
2024-07-07 20:35:11,217 [Worker-133: Building] INFO  o.a.m.s.f.DefaultMavenResourcesFiltering - skip non existing resourceDirectory D:\API_demos\springmvcdemo\src\test\resources
2024-07-07 20:37:10,428 [Worker-134: Building] WARN  o.a.m.s.f.DefaultMavenResourcesFiltering - Using platform encoding (Cp1252 actually) to copy filtered resources, i.e. build is platform dependent!
2024-07-07 20:37:10,431 [Worker-134: Building] INFO  o.a.m.s.f.DefaultMavenResourcesFiltering - skip non existing resourceDirectory D:\API_demos\springmvcdemo\src\main\resources
2024-07-07 20:37:10,433 [Worker-134: Building] WARN  o.a.m.s.f.DefaultMavenResourcesFiltering - Using platform encoding (Cp1252 actually) to copy filtered resources, i.e. build is platform dependent!
2024-07-07 20:37:10,434 [Worker-134: Building] INFO  o.a.m.s.f.DefaultMavenResourcesFiltering - skip non existing resourceDirectory D:\API_demos\springmvcdemo\src\test\resources
2024-07-07 20:38:58,389 [Worker-136: Building] WARN  o.a.m.s.f.DefaultMavenResourcesFiltering - Using platform encoding (Cp1252 actually) to copy filtered resources, i.e. build is platform dependent!
2024-07-07 20:38:58,390 [Worker-136: Building] INFO  o.a.m.s.f.DefaultMavenResourcesFiltering - skip non existing resourceDirectory D:\API_demos\springmvcdemo\src\main\resources
2024-07-07 20:38:58,394 [Worker-136: Building] WARN  o.a.m.s.f.DefaultMavenResourcesFiltering - Using platform encoding (Cp1252 actually) to copy filtered resources, i.e. build is platform dependent!
2024-07-07 20:38:58,395 [Worker-136: Building] INFO  o.a.m.s.f.DefaultMavenResourcesFiltering - skip non existing resourceDirectory D:\API_demos\springmvcdemo\src\test\resources
2024-07-07 20:40:05,408 [Worker-136: Building] WARN  o.a.m.s.f.DefaultMavenResourcesFiltering - Using platform encoding (Cp1252 actually) to copy filtered resources, i.e. build is platform dependent!
2024-07-07 20:40:05,409 [Worker-136: Building] INFO  o.a.m.s.f.DefaultMavenResourcesFiltering - skip non existing resourceDirectory D:\API_demos\springmvcdemo\src\main\resources
2024-07-07 20:40:05,411 [Worker-136: Building] WARN  o.a.m.s.f.DefaultMavenResourcesFiltering - Using platform encoding (Cp1252 actually) to copy filtered resources, i.e. build is platform dependent!
2024-07-07 20:40:05,413 [Worker-136: Building] INFO  o.a.m.s.f.DefaultMavenResourcesFiltering - skip non existing resourceDirectory D:\API_demos\springmvcdemo\src\test\resources
2024-07-07 22:15:46,514 [Worker-155: Building] WARN  o.a.m.s.f.DefaultMavenResourcesFiltering - Using platform encoding (Cp1252 actually) to copy filtered resources, i.e. build is platform dependent!
2024-07-07 22:15:46,571 [Worker-155: Building] INFO  o.a.m.s.f.DefaultMavenResourcesFiltering - skip non existing resourceDirectory D:\API_demos\springmvcdemo\src\main\resources
2024-07-07 22:15:46,587 [Worker-155: Building] WARN  o.a.m.s.f.DefaultMavenResourcesFiltering - Using platform encoding (Cp1252 actually) to copy filtered resources, i.e. build is platform dependent!
2024-07-07 22:15:46,589 [Worker-155: Building] INFO  o.a.m.s.f.DefaultMavenResourcesFiltering - skip non existing resourceDirectory D:\API_demos\springmvcdemo\src\test\resources
2024-07-07 22:15:51,791 [Worker-161: Building] WARN  o.a.m.s.f.DefaultMavenResourcesFiltering - Using platform encoding (Cp1252 actually) to copy filtered resources, i.e. build is platform dependent!
2024-07-07 22:15:51,793 [Worker-161: Building] INFO  o.a.m.s.f.DefaultMavenResourcesFiltering - skip non existing resourceDirectory D:\API_demos\springmvcdemo\src\main\resources
2024-07-07 22:15:51,801 [Worker-161: Building] WARN  o.a.m.s.f.DefaultMavenResourcesFiltering - Using platform encoding (Cp1252 actually) to copy filtered resources, i.e. build is platform dependent!
2024-07-07 22:15:51,804 [Worker-161: Building] INFO  o.a.m.s.f.DefaultMavenResourcesFiltering - skip non existing resourceDirectory D:\API_demos\springmvcdemo\src\test\resources
2024-07-07 22:19:31,008 [Worker-159: Building] WARN  o.a.m.s.f.DefaultMavenResourcesFiltering - Using platform encoding (Cp1252 actually) to copy filtered resources, i.e. build is platform dependent!
2024-07-07 22:19:31,012 [Worker-159: Building] INFO  o.a.m.s.f.DefaultMavenResourcesFiltering - skip non existing resourceDirectory D:\API_demos\springmvcdemo\src\main\resources
2024-07-07 22:19:31,016 [Worker-159: Building] WARN  o.a.m.s.f.DefaultMavenResourcesFiltering - Using platform encoding (Cp1252 actually) to copy filtered resources, i.e. build is platform dependent!
2024-07-07 22:19:31,017 [Worker-159: Building] INFO  o.a.m.s.f.DefaultMavenResourcesFiltering - skip non existing resourceDirectory D:\API_demos\springmvcdemo\src\test\resources
2024-07-07 22:27:42,091 [Worker-165: Building] WARN  o.a.m.s.f.DefaultMavenResourcesFiltering - Using platform encoding (Cp1252 actually) to copy filtered resources, i.e. build is platform dependent!
2024-07-07 22:27:42,095 [Worker-165: Building] INFO  o.a.m.s.f.DefaultMavenResourcesFiltering - skip non existing resourceDirectory D:\API_demos\springmvcdemo\src\main\resources
2024-07-07 22:27:42,098 [Worker-165: Building] WARN  o.a.m.s.f.DefaultMavenResourcesFiltering - Using platform encoding (Cp1252 actually) to copy filtered resources, i.e. build is platform dependent!
2024-07-07 22:27:42,100 [Worker-165: Building] INFO  o.a.m.s.f.DefaultMavenResourcesFiltering - skip non existing resourceDirectory D:\API_demos\springmvcdemo\src\test\resources
2024-07-07 22:31:45,160 [Worker-167: Building] WARN  o.a.m.s.f.DefaultMavenResourcesFiltering - Using platform encoding (Cp1252 actually) to copy filtered resources, i.e. build is platform dependent!
2024-07-07 22:31:45,162 [Worker-167: Building] INFO  o.a.m.s.f.DefaultMavenResourcesFiltering - skip non existing resourceDirectory D:\API_demos\springmvcdemo\src\main\resources
2024-07-07 22:31:45,167 [Worker-167: Building] WARN  o.a.m.s.f.DefaultMavenResourcesFiltering - Using platform encoding (Cp1252 actually) to copy filtered resources, i.e. build is platform dependent!
2024-07-07 22:31:45,169 [Worker-167: Building] INFO  o.a.m.s.f.DefaultMavenResourcesFiltering - skip non existing resourceDirectory D:\API_demos\springmvcdemo\src\test\resources
2024-07-07 22:37:57,700 [Worker-166: Building] WARN  o.a.m.s.f.DefaultMavenResourcesFiltering - Using platform encoding (Cp1252 actually) to copy filtered resources, i.e. build is platform dependent!
2024-07-07 22:37:57,701 [Worker-166: Building] INFO  o.a.m.s.f.DefaultMavenResourcesFiltering - skip non existing resourceDirectory D:\API_demos\springmvcdemo\src\main\resources
2024-07-07 22:37:57,703 [Worker-166: Building] WARN  o.a.m.s.f.DefaultMavenResourcesFiltering - Using platform encoding (Cp1252 actually) to copy filtered resources, i.e. build is platform dependent!
2024-07-07 22:37:57,704 [Worker-166: Building] INFO  o.a.m.s.f.DefaultMavenResourcesFiltering - skip non existing resourceDirectory D:\API_demos\springmvcdemo\src\test\resources
2024-07-07 22:40:56,279 [Worker-172: Building] WARN  o.a.m.s.f.DefaultMavenResourcesFiltering - Using platform encoding (Cp1252 actually) to copy filtered resources, i.e. build is platform dependent!
2024-07-07 22:40:56,280 [Worker-172: Building] INFO  o.a.m.s.f.DefaultMavenResourcesFiltering - skip non existing resourceDirectory D:\API_demos\springmvcdemo\src\main\resources
2024-07-07 22:40:56,283 [Worker-172: Building] WARN  o.a.m.s.f.DefaultMavenResourcesFiltering - Using platform encoding (Cp1252 actually) to copy filtered resources, i.e. build is platform dependent!
2024-07-07 22:40:56,286 [Worker-172: Building] INFO  o.a.m.s.f.DefaultMavenResourcesFiltering - skip non existing resourceDirectory D:\API_demos\springmvcdemo\src\test\resources
2024-07-07 22:42:24,362 [Worker-170: Building] WARN  o.a.m.s.f.DefaultMavenResourcesFiltering - Using platform encoding (Cp1252 actually) to copy filtered resources, i.e. build is platform dependent!
2024-07-07 22:42:24,366 [Worker-170: Building] INFO  o.a.m.s.f.DefaultMavenResourcesFiltering - skip non existing resourceDirectory D:\API_demos\springmvcdemo\src\main\resources
2024-07-07 22:42:24,373 [Worker-170: Building] WARN  o.a.m.s.f.DefaultMavenResourcesFiltering - Using platform encoding (Cp1252 actually) to copy filtered resources, i.e. build is platform dependent!
2024-07-07 22:42:24,375 [Worker-170: Building] INFO  o.a.m.s.f.DefaultMavenResourcesFiltering - skip non existing resourceDirectory D:\API_demos\springmvcdemo\src\test\resources
2024-07-07 22:42:38,252 [Worker-175: Building] WARN  o.a.m.s.f.DefaultMavenResourcesFiltering - Using platform encoding (Cp1252 actually) to copy filtered resources, i.e. build is platform dependent!
2024-07-07 22:42:38,252 [Worker-175: Building] INFO  o.a.m.s.f.DefaultMavenResourcesFiltering - skip non existing resourceDirectory D:\API_demos\springmvcdemo\src\main\resources
2024-07-07 22:42:38,254 [Worker-175: Building] WARN  o.a.m.s.f.DefaultMavenResourcesFiltering - Using platform encoding (Cp1252 actually) to copy filtered resources, i.e. build is platform dependent!
2024-07-07 22:42:38,255 [Worker-175: Building] INFO  o.a.m.s.f.DefaultMavenResourcesFiltering - skip non existing resourceDirectory D:\API_demos\springmvcdemo\src\test\resources
2024-07-07 22:42:47,827 [Worker-166: Building] WARN  o.a.m.s.f.DefaultMavenResourcesFiltering - Using platform encoding (Cp1252 actually) to copy filtered resources, i.e. build is platform dependent!
2024-07-07 22:42:47,828 [Worker-166: Building] INFO  o.a.m.s.f.DefaultMavenResourcesFiltering - skip non existing resourceDirectory D:\API_demos\springmvcdemo\src\main\resources
2024-07-07 22:42:47,830 [Worker-166: Building] WARN  o.a.m.s.f.DefaultMavenResourcesFiltering - Using platform encoding (Cp1252 actually) to copy filtered resources, i.e. build is platform dependent!
2024-07-07 22:42:47,831 [Worker-166: Building] INFO  o.a.m.s.f.DefaultMavenResourcesFiltering - skip non existing resourceDirectory D:\API_demos\springmvcdemo\src\test\resources
2024-07-07 23:17:13,682 [Worker-187: Enabling Maven Dependency Management] INFO  o.e.m.c.i.l.LifecycleMappingFactory - Using org.maven.ide.eclipse.wtp.WarLifecycleMapping lifecycle mapping for MavenProject: HelloMvcdemo:HelloMvcdemo:0.0.1-SNAPSHOT @ D:\API_demos\HelloMvcdemo\pom.xml.
2024-07-07 23:17:13,987 [Worker-187: Enabling Maven Dependency Management] INFO  o.e.m.j.i.AbstractJavaProjectConfigurator - Adding source folder /HelloMvcdemo/src/main/java
2024-07-07 23:17:13,988 [Worker-187: Enabling Maven Dependency Management] INFO  o.e.m.j.i.AbstractJavaProjectConfigurator - Adding resource folder /HelloMvcdemo/src/main/resources
2024-07-07 23:17:13,991 [Worker-187: Enabling Maven Dependency Management] INFO  o.e.m.j.i.AbstractJavaProjectConfigurator - Adding source folder /HelloMvcdemo/src/test/java
2024-07-07 23:17:13,991 [Worker-187: Enabling Maven Dependency Management] INFO  o.e.m.j.i.AbstractJavaProjectConfigurator - Adding resource folder /HelloMvcdemo/src/test/resources
2024-07-07 23:17:14,443 [Worker-187: Enabling Maven Dependency Management] INFO  o.e.m.c.i.p.ProjectConfigurationManager - Update started
2024-07-07 23:17:14,477 [Worker-187: Enabling Maven Dependency Management] INFO  o.e.m.c.i.l.LifecycleMappingFactory - Using org.maven.ide.eclipse.wtp.WarLifecycleMapping lifecycle mapping for MavenProject: HelloMvcdemo:HelloMvcdemo:0.0.1-SNAPSHOT @ D:\API_demos\HelloMvcdemo\pom.xml.
2024-07-07 23:17:15,006 [Worker-187: Enabling Maven Dependency Management] INFO  o.e.m.j.i.AbstractJavaProjectConfigurator - Adding source folder /HelloMvcdemo/src/main/java
2024-07-07 23:17:15,007 [Worker-187: Enabling Maven Dependency Management] INFO  o.e.m.j.i.AbstractJavaProjectConfigurator - Adding resource folder /HelloMvcdemo/src/main/resources
2024-07-07 23:17:15,007 [Worker-187: Enabling Maven Dependency Management] INFO  o.e.m.j.i.AbstractJavaProjectConfigurator - Adding source folder /HelloMvcdemo/src/test/java
2024-07-07 23:17:15,008 [Worker-187: Enabling Maven Dependency Management] INFO  o.e.m.j.i.AbstractJavaProjectConfigurator - Adding resource folder /HelloMvcdemo/src/test/resources
2024-07-07 23:17:15,247 [Worker-187: Enabling Maven Dependency Management] INFO  o.e.m.w.i.f.ResourceFilteringBuildParticipant - Cleaning filtered folder for HelloMvcdemo
2024-07-07 23:17:15,263 [Worker-187: Enabling Maven Dependency Management] INFO  o.e.m.c.i.p.ProjectConfigurationManager - Update completed for 1 poms: local refresh takes 0.00 sec, refresh facades takes 0.00 sec, update config takes 0.00 sec 
2024-07-07 23:17:15,407 [Worker-188: Building] WARN  o.a.m.s.f.DefaultMavenResourcesFiltering - Using platform encoding (Cp1252 actually) to copy filtered resources, i.e. build is platform dependent!
2024-07-07 23:17:15,410 [Worker-188: Building] INFO  o.a.m.s.f.DefaultMavenResourcesFiltering - skip non existing resourceDirectory D:\API_demos\HelloMvcdemo\src\main\resources
2024-07-07 23:17:15,411 [Worker-188: Building] WARN  o.a.m.s.f.DefaultMavenResourcesFiltering - Using platform encoding (Cp1252 actually) to copy filtered resources, i.e. build is platform dependent!
2024-07-07 23:17:15,412 [Worker-188: Building] INFO  o.a.m.s.f.DefaultMavenResourcesFiltering - skip non existing resourceDirectory D:\API_demos\HelloMvcdemo\src\test\resources
2024-07-07 23:17:15,412 [Worker-188: Building] INFO  o.e.m.w.i.f.ResourceFilteringBuildParticipant - Changed resources require a complete clean of filtered resources of HelloMvcdemo
2024-07-07 23:17:15,412 [Worker-188: Building] INFO  o.e.m.w.i.f.ResourceFilteringBuildParticipant - Executing resource filtering for HelloMvcdemo
2024-07-07 23:17:34,539 [Worker-190: Building] ERROR o.e.m.c.i.p.r.ProjectRegistryManager - Could not read pom.xml
org.eclipse.core.runtime.CoreException: Could not read pom.xml
	at org.eclipse.m2e.core.internal.IMavenToolbox.readModel(IMavenToolbox.java:245)
	at org.eclipse.m2e.core.internal.project.registry.ProjectRegistryManager.refreshPhase2(ProjectRegistryManager.java:587)
	at org.eclipse.m2e.core.internal.project.registry.ProjectRegistryManager.refresh(ProjectRegistryManager.java:487)
	at org.eclipse.m2e.core.internal.project.registry.ProjectRegistryManager.refresh(ProjectRegistryManager.java:366)
	at org.eclipse.m2e.core.internal.project.registry.ProjectRegistryManager.refresh(ProjectRegistryManager.java:318)
	at org.eclipse.m2e.core.internal.builder.MavenBuilder$BuildMethod.getProjectFacade(MavenBuilder.java:146)
	at org.eclipse.m2e.core.internal.builder.MavenBuilder$BuildMethod.lambda$0(MavenBuilder.java:84)
	at org.eclipse.m2e.core.internal.embedder.MavenExecutionContext.executeBare(MavenExecutionContext.java:458)
	at org.eclipse.m2e.core.internal.embedder.MavenExecutionContext.execute(MavenExecutionContext.java:339)
	at org.eclipse.m2e.core.internal.embedder.MavenExecutionContext.execute(MavenExecutionContext.java:278)
	at org.eclipse.m2e.core.internal.builder.MavenBuilder$BuildMethod.execute(MavenBuilder.java:83)
	at org.eclipse.m2e.core.internal.builder.MavenBuilder.build(MavenBuilder.java:192)
	at org.eclipse.core.internal.events.BuildManager$2.run(BuildManager.java:1077)
	at org.eclipse.core.runtime.SafeRunner.run(SafeRunner.java:47)
	at org.eclipse.core.internal.events.BuildManager.basicBuild(BuildManager.java:296)
	at org.eclipse.core.internal.events.BuildManager.basicBuild(BuildManager.java:352)
	at org.eclipse.core.internal.events.BuildManager$1.run(BuildManager.java:441)
	at org.eclipse.core.runtime.SafeRunner.run(SafeRunner.java:47)
	at org.eclipse.core.internal.events.BuildManager.basicBuild(BuildManager.java:444)
	at org.eclipse.core.internal.events.BuildManager.basicBuildLoop(BuildManager.java:555)
	at org.eclipse.core.internal.events.BuildManager.basicBuildLoop(BuildManager.java:503)
	at org.eclipse.core.internal.events.BuildManager.build(BuildManager.java:585)
	at org.eclipse.core.internal.events.AutoBuildJob.doBuild(AutoBuildJob.java:207)
	at org.eclipse.core.internal.events.AutoBuildJob.run(AutoBuildJob.java:300)
	at org.eclipse.core.internal.jobs.Worker.run(Worker.java:63)
Caused by: org.apache.maven.model.io.ModelParseException: Unrecognised tag: 'groupId' (position: START_TAG seen ...</dependency>\r\n\t\t<groupId>... @180:12) 
	at org.apache.maven.model.io.DefaultModelReader.read(DefaultModelReader.java:96)
	at org.apache.maven.model.io.DefaultModelReader.read(DefaultModelReader.java:74)
	at org.eclipse.m2e.core.internal.IMavenToolbox.readModel(IMavenToolbox.java:243)
	... 24 common frames omitted
Caused by: org.codehaus.plexus.util.xml.pull.XmlPullParserException: Unrecognised tag: 'groupId' (position: START_TAG seen ...</dependency>\r\n\t\t<groupId>... @180:12) 
	at org.apache.maven.model.io.xpp3.MavenXpp3Reader.checkUnknownElement(MavenXpp3Reader.java:181)
	at org.apache.maven.model.io.xpp3.MavenXpp3Reader.parseModel(MavenXpp3Reader.java:2325)
	at org.apache.maven.model.io.xpp3.MavenXpp3Reader.read(MavenXpp3Reader.java:623)
	at org.apache.maven.model.io.xpp3.MavenXpp3Reader.read(MavenXpp3Reader.java:654)
	at org.apache.maven.model.io.DefaultModelReader.read(DefaultModelReader.java:93)
	... 26 common frames omitted
2024-07-07 23:17:47,541 [Worker-211: Building] INFO  o.e.m.c.i.l.LifecycleMappingFactory - Using org.maven.ide.eclipse.wtp.WarLifecycleMapping lifecycle mapping for MavenProject: HelloMvcdemo:HelloMvcdemo:0.0.1-SNAPSHOT @ D:\API_demos\HelloMvcdemo\pom.xml.
2024-07-07 23:17:47,710 [Worker-211: Building] WARN  o.a.m.s.f.DefaultMavenResourcesFiltering - Using platform encoding (Cp1252 actually) to copy filtered resources, i.e. build is platform dependent!
2024-07-07 23:17:47,711 [Worker-211: Building] INFO  o.a.m.s.f.DefaultMavenResourcesFiltering - skip non existing resourceDirectory D:\API_demos\HelloMvcdemo\src\main\resources
2024-07-07 23:17:47,712 [Worker-211: Building] WARN  o.a.m.s.f.DefaultMavenResourcesFiltering - Using platform encoding (Cp1252 actually) to copy filtered resources, i.e. build is platform dependent!
2024-07-07 23:17:47,712 [Worker-211: Building] INFO  o.a.m.s.f.DefaultMavenResourcesFiltering - skip non existing resourceDirectory D:\API_demos\HelloMvcdemo\src\test\resources
2024-07-07 23:17:47,712 [Worker-211: Building] INFO  o.e.m.w.i.f.ResourceFilteringBuildParticipant - Changed resources require a complete clean of filtered resources of HelloMvcdemo
2024-07-07 23:17:47,712 [Worker-211: Building] INFO  o.e.m.w.i.f.ResourceFilteringBuildParticipant - Executing resource filtering for HelloMvcdemo
2024-07-07 23:18:09,586 [Worker-184: Building] INFO  o.e.m.c.i.l.LifecycleMappingFactory - Using org.maven.ide.eclipse.wtp.WarLifecycleMapping lifecycle mapping for MavenProject: HelloMvcdemo:HelloMvcdemo:0.0.1-SNAPSHOT @ D:\API_demos\HelloMvcdemo\pom.xml.
2024-07-07 23:18:09,805 [Worker-184: Building] WARN  o.a.m.s.f.DefaultMavenResourcesFiltering - Using platform encoding (Cp1252 actually) to copy filtered resources, i.e. build is platform dependent!
2024-07-07 23:18:09,806 [Worker-184: Building] INFO  o.a.m.s.f.DefaultMavenResourcesFiltering - skip non existing resourceDirectory D:\API_demos\HelloMvcdemo\src\main\resources
2024-07-07 23:18:09,807 [Worker-184: Building] WARN  o.a.m.s.f.DefaultMavenResourcesFiltering - Using platform encoding (Cp1252 actually) to copy filtered resources, i.e. build is platform dependent!
2024-07-07 23:18:09,808 [Worker-184: Building] INFO  o.a.m.s.f.DefaultMavenResourcesFiltering - skip non existing resourceDirectory D:\API_demos\HelloMvcdemo\src\test\resources
2024-07-07 23:18:09,808 [Worker-184: Building] INFO  o.e.m.w.i.f.ResourceFilteringBuildParticipant - Changed resources require a complete clean of filtered resources of HelloMvcdemo
2024-07-07 23:18:09,808 [Worker-184: Building] INFO  o.e.m.w.i.f.ResourceFilteringBuildParticipant - Executing resource filtering for HelloMvcdemo
2024-07-07 23:18:32,466 [Worker-187: Building] INFO  o.e.m.c.i.l.LifecycleMappingFactory - Using org.maven.ide.eclipse.wtp.WarLifecycleMapping lifecycle mapping for MavenProject: HelloMvcdemo:HelloMvcdemo:0.0.1-SNAPSHOT @ D:\API_demos\HelloMvcdemo\pom.xml.
2024-07-07 23:18:32,643 [Worker-187: Building] WARN  o.a.m.s.f.DefaultMavenResourcesFiltering - Using platform encoding (Cp1252 actually) to copy filtered resources, i.e. build is platform dependent!
2024-07-07 23:18:32,643 [Worker-187: Building] INFO  o.a.m.s.f.DefaultMavenResourcesFiltering - skip non existing resourceDirectory D:\API_demos\HelloMvcdemo\src\main\resources
2024-07-07 23:18:32,644 [Worker-187: Building] WARN  o.a.m.s.f.DefaultMavenResourcesFiltering - Using platform encoding (Cp1252 actually) to copy filtered resources, i.e. build is platform dependent!
2024-07-07 23:18:32,645 [Worker-187: Building] INFO  o.a.m.s.f.DefaultMavenResourcesFiltering - skip non existing resourceDirectory D:\API_demos\HelloMvcdemo\src\test\resources
2024-07-07 23:18:32,645 [Worker-187: Building] INFO  o.e.m.w.i.f.ResourceFilteringBuildParticipant - Changed resources require a complete clean of filtered resources of HelloMvcdemo
2024-07-07 23:18:32,645 [Worker-187: Building] INFO  o.e.m.w.i.f.ResourceFilteringBuildParticipant - Executing resource filtering for HelloMvcdemo
2024-07-07 23:18:32,692 [Worker-187: Updating Maven Project] INFO  o.e.m.c.i.p.ProjectConfigurationManager - Update started
2024-07-07 23:18:32,721 [Worker-187: Updating Maven Project] INFO  o.e.m.c.i.l.LifecycleMappingFactory - Using org.maven.ide.eclipse.wtp.WarLifecycleMapping lifecycle mapping for MavenProject: HelloMvcdemo:HelloMvcdemo:0.0.1-SNAPSHOT @ D:\API_demos\HelloMvcdemo\pom.xml.
2024-07-07 23:18:32,937 [Worker-187: Updating Maven Project] INFO  o.e.m.j.i.AbstractJavaProjectConfigurator - Adding source folder /HelloMvcdemo/src/main/java
2024-07-07 23:18:32,937 [Worker-187: Updating Maven Project] INFO  o.e.m.j.i.AbstractJavaProjectConfigurator - Adding resource folder /HelloMvcdemo/src/main/resources
2024-07-07 23:18:32,937 [Worker-187: Updating Maven Project] INFO  o.e.m.j.i.AbstractJavaProjectConfigurator - Adding source folder /HelloMvcdemo/src/test/java
2024-07-07 23:18:32,938 [Worker-187: Updating Maven Project] INFO  o.e.m.j.i.AbstractJavaProjectConfigurator - Adding resource folder /HelloMvcdemo/src/test/resources
2024-07-07 23:18:33,146 [Worker-187: Updating Maven Project] INFO  o.e.m.w.i.f.ResourceFilteringBuildParticipant - Cleaning filtered folder for HelloMvcdemo
2024-07-07 23:18:33,153 [Worker-187: Updating Maven Project] INFO  o.e.m.c.i.p.ProjectConfigurationManager - Update completed for 1 poms: local refresh takes 0.00 sec, refresh facades takes 0.00 sec, update config takes 0.00 sec 
2024-07-07 23:18:33,786 [Worker-216: Building] WARN  o.a.m.s.f.DefaultMavenResourcesFiltering - Using platform encoding (Cp1252 actually) to copy filtered resources, i.e. build is platform dependent!
2024-07-07 23:18:33,787 [Worker-216: Building] INFO  o.a.m.s.f.DefaultMavenResourcesFiltering - skip non existing resourceDirectory D:\API_demos\HelloMvcdemo\src\main\resources
2024-07-07 23:18:33,787 [Worker-216: Building] WARN  o.a.m.s.f.DefaultMavenResourcesFiltering - Using platform encoding (Cp1252 actually) to copy filtered resources, i.e. build is platform dependent!
2024-07-07 23:18:33,789 [Worker-216: Building] INFO  o.a.m.s.f.DefaultMavenResourcesFiltering - skip non existing resourceDirectory D:\API_demos\HelloMvcdemo\src\test\resources
2024-07-07 23:18:33,789 [Worker-216: Building] INFO  o.e.m.w.i.f.ResourceFilteringBuildParticipant - Changed resources require a complete clean of filtered resources of HelloMvcdemo
2024-07-07 23:18:33,789 [Worker-216: Building] INFO  o.e.m.w.i.f.ResourceFilteringBuildParticipant - Executing resource filtering for HelloMvcdemo
2024-07-07 23:19:21,116 [Worker-214: Building] WARN  o.a.m.s.f.DefaultMavenResourcesFiltering - Using platform encoding (Cp1252 actually) to copy filtered resources, i.e. build is platform dependent!
2024-07-07 23:19:21,118 [Worker-214: Building] INFO  o.a.m.s.f.DefaultMavenResourcesFiltering - skip non existing resourceDirectory D:\API_demos\HelloMvcdemo\src\main\resources
2024-07-07 23:19:21,119 [Worker-214: Building] WARN  o.a.m.s.f.DefaultMavenResourcesFiltering - Using platform encoding (Cp1252 actually) to copy filtered resources, i.e. build is platform dependent!
2024-07-07 23:19:21,120 [Worker-214: Building] INFO  o.a.m.s.f.DefaultMavenResourcesFiltering - skip non existing resourceDirectory D:\API_demos\HelloMvcdemo\src\test\resources
2024-07-07 23:19:28,342 [Worker-215: Building] WARN  o.a.m.s.f.DefaultMavenResourcesFiltering - Using platform encoding (Cp1252 actually) to copy filtered resources, i.e. build is platform dependent!
2024-07-07 23:19:28,343 [Worker-215: Building] INFO  o.a.m.s.f.DefaultMavenResourcesFiltering - skip non existing resourceDirectory D:\API_demos\HelloMvcdemo\src\main\resources
2024-07-07 23:19:28,344 [Worker-215: Building] WARN  o.a.m.s.f.DefaultMavenResourcesFiltering - Using platform encoding (Cp1252 actually) to copy filtered resources, i.e. build is platform dependent!
2024-07-07 23:19:28,344 [Worker-215: Building] INFO  o.a.m.s.f.DefaultMavenResourcesFiltering - skip non existing resourceDirectory D:\API_demos\HelloMvcdemo\src\test\resources
2024-07-07 23:21:37,458 [Worker-212: Building] WARN  o.a.m.s.f.DefaultMavenResourcesFiltering - Using platform encoding (Cp1252 actually) to copy filtered resources, i.e. build is platform dependent!
2024-07-07 23:21:37,459 [Worker-212: Building] INFO  o.a.m.s.f.DefaultMavenResourcesFiltering - skip non existing resourceDirectory D:\API_demos\HelloMvcdemo\src\main\resources
2024-07-07 23:21:37,462 [Worker-212: Building] WARN  o.a.m.s.f.DefaultMavenResourcesFiltering - Using platform encoding (Cp1252 actually) to copy filtered resources, i.e. build is platform dependent!
2024-07-07 23:21:37,463 [Worker-212: Building] INFO  o.a.m.s.f.DefaultMavenResourcesFiltering - skip non existing resourceDirectory D:\API_demos\HelloMvcdemo\src\test\resources
2024-07-07 23:22:09,606 [Worker-191: Building] WARN  o.a.m.s.f.DefaultMavenResourcesFiltering - Using platform encoding (Cp1252 actually) to copy filtered resources, i.e. build is platform dependent!
2024-07-07 23:22:09,607 [Worker-191: Building] INFO  o.a.m.s.f.DefaultMavenResourcesFiltering - skip non existing resourceDirectory D:\API_demos\HelloMvcdemo\src\main\resources
2024-07-07 23:22:09,609 [Worker-191: Building] WARN  o.a.m.s.f.DefaultMavenResourcesFiltering - Using platform encoding (Cp1252 actually) to copy filtered resources, i.e. build is platform dependent!
2024-07-07 23:22:09,610 [Worker-191: Building] INFO  o.a.m.s.f.DefaultMavenResourcesFiltering - skip non existing resourceDirectory D:\API_demos\HelloMvcdemo\src\test\resources
2024-07-07 23:22:37,258 [Worker-191: Building] WARN  o.a.m.s.f.DefaultMavenResourcesFiltering - Using platform encoding (Cp1252 actually) to copy filtered resources, i.e. build is platform dependent!
2024-07-07 23:22:37,259 [Worker-191: Building] INFO  o.a.m.s.f.DefaultMavenResourcesFiltering - skip non existing resourceDirectory D:\API_demos\HelloMvcdemo\src\main\resources
2024-07-07 23:22:37,262 [Worker-191: Building] WARN  o.a.m.s.f.DefaultMavenResourcesFiltering - Using platform encoding (Cp1252 actually) to copy filtered resources, i.e. build is platform dependent!
2024-07-07 23:22:37,263 [Worker-191: Building] INFO  o.a.m.s.f.DefaultMavenResourcesFiltering - skip non existing resourceDirectory D:\API_demos\HelloMvcdemo\src\test\resources
2024-07-07 23:23:33,421 [Worker-200: Building] WARN  o.a.m.s.f.DefaultMavenResourcesFiltering - Using platform encoding (Cp1252 actually) to copy filtered resources, i.e. build is platform dependent!
2024-07-07 23:23:33,422 [Worker-200: Building] INFO  o.a.m.s.f.DefaultMavenResourcesFiltering - skip non existing resourceDirectory D:\API_demos\HelloMvcdemo\src\main\resources
2024-07-07 23:23:33,423 [Worker-200: Building] WARN  o.a.m.s.f.DefaultMavenResourcesFiltering - Using platform encoding (Cp1252 actually) to copy filtered resources, i.e. build is platform dependent!
2024-07-07 23:23:33,424 [Worker-200: Building] INFO  o.a.m.s.f.DefaultMavenResourcesFiltering - skip non existing resourceDirectory D:\API_demos\HelloMvcdemo\src\test\resources
2024-07-07 23:23:41,388 [Worker-212: Building] WARN  o.a.m.s.f.DefaultMavenResourcesFiltering - Using platform encoding (Cp1252 actually) to copy filtered resources, i.e. build is platform dependent!
2024-07-07 23:23:41,388 [Worker-212: Building] INFO  o.a.m.s.f.DefaultMavenResourcesFiltering - skip non existing resourceDirectory D:\API_demos\HelloMvcdemo\src\main\resources
2024-07-07 23:23:41,390 [Worker-212: Building] WARN  o.a.m.s.f.DefaultMavenResourcesFiltering - Using platform encoding (Cp1252 actually) to copy filtered resources, i.e. build is platform dependent!
2024-07-07 23:23:41,390 [Worker-212: Building] INFO  o.a.m.s.f.DefaultMavenResourcesFiltering - skip non existing resourceDirectory D:\API_demos\HelloMvcdemo\src\test\resources
2024-07-07 23:23:47,158 [Worker-193: Building] WARN  o.a.m.s.f.DefaultMavenResourcesFiltering - Using platform encoding (Cp1252 actually) to copy filtered resources, i.e. build is platform dependent!
2024-07-07 23:23:47,158 [Worker-193: Building] INFO  o.a.m.s.f.DefaultMavenResourcesFiltering - skip non existing resourceDirectory D:\API_demos\HelloMvcdemo\src\main\resources
2024-07-07 23:23:47,159 [Worker-193: Building] WARN  o.a.m.s.f.DefaultMavenResourcesFiltering - Using platform encoding (Cp1252 actually) to copy filtered resources, i.e. build is platform dependent!
2024-07-07 23:23:47,159 [Worker-193: Building] INFO  o.a.m.s.f.DefaultMavenResourcesFiltering - skip non existing resourceDirectory D:\API_demos\HelloMvcdemo\src\test\resources
2024-07-07 23:23:57,405 [Worker-191: Building] WARN  o.a.m.s.f.DefaultMavenResourcesFiltering - Using platform encoding (Cp1252 actually) to copy filtered resources, i.e. build is platform dependent!
2024-07-07 23:23:57,406 [Worker-191: Building] INFO  o.a.m.s.f.DefaultMavenResourcesFiltering - skip non existing resourceDirectory D:\API_demos\HelloMvcdemo\src\main\resources
2024-07-07 23:23:57,407 [Worker-191: Building] WARN  o.a.m.s.f.DefaultMavenResourcesFiltering - Using platform encoding (Cp1252 actually) to copy filtered resources, i.e. build is platform dependent!
2024-07-07 23:23:57,407 [Worker-191: Building] INFO  o.a.m.s.f.DefaultMavenResourcesFiltering - skip non existing resourceDirectory D:\API_demos\HelloMvcdemo\src\test\resources
2024-07-07 23:24:16,806 [Worker-192: Building] WARN  o.a.m.s.f.DefaultMavenResourcesFiltering - Using platform encoding (Cp1252 actually) to copy filtered resources, i.e. build is platform dependent!
2024-07-07 23:24:16,807 [Worker-192: Building] INFO  o.a.m.s.f.DefaultMavenResourcesFiltering - skip non existing resourceDirectory D:\API_demos\HelloMvcdemo\src\main\resources
2024-07-07 23:24:16,808 [Worker-192: Building] WARN  o.a.m.s.f.DefaultMavenResourcesFiltering - Using platform encoding (Cp1252 actually) to copy filtered resources, i.e. build is platform dependent!
2024-07-07 23:24:16,808 [Worker-192: Building] INFO  o.a.m.s.f.DefaultMavenResourcesFiltering - skip non existing resourceDirectory D:\API_demos\HelloMvcdemo\src\test\resources
2024-07-07 23:24:28,085 [Worker-193: Building] WARN  o.a.m.s.f.DefaultMavenResourcesFiltering - Using platform encoding (Cp1252 actually) to copy filtered resources, i.e. build is platform dependent!
2024-07-07 23:24:28,085 [Worker-193: Building] INFO  o.a.m.s.f.DefaultMavenResourcesFiltering - skip non existing resourceDirectory D:\API_demos\HelloMvcdemo\src\main\resources
2024-07-07 23:24:28,087 [Worker-193: Building] WARN  o.a.m.s.f.DefaultMavenResourcesFiltering - Using platform encoding (Cp1252 actually) to copy filtered resources, i.e. build is platform dependent!
2024-07-07 23:24:28,088 [Worker-193: Building] INFO  o.a.m.s.f.DefaultMavenResourcesFiltering - skip non existing resourceDirectory D:\API_demos\HelloMvcdemo\src\test\resources
2024-07-07 23:25:06,448 [Worker-200: Building] WARN  o.a.m.s.f.DefaultMavenResourcesFiltering - Using platform encoding (Cp1252 actually) to copy filtered resources, i.e. build is platform dependent!
2024-07-07 23:25:06,449 [Worker-200: Building] INFO  o.a.m.s.f.DefaultMavenResourcesFiltering - skip non existing resourceDirectory D:\API_demos\HelloMvcdemo\src\main\resources
2024-07-07 23:25:06,450 [Worker-200: Building] WARN  o.a.m.s.f.DefaultMavenResourcesFiltering - Using platform encoding (Cp1252 actually) to copy filtered resources, i.e. build is platform dependent!
2024-07-07 23:25:06,450 [Worker-200: Building] INFO  o.a.m.s.f.DefaultMavenResourcesFiltering - skip non existing resourceDirectory D:\API_demos\HelloMvcdemo\src\test\resources
2024-07-07 23:25:25,122 [Worker-208: Building] WARN  o.a.m.s.f.DefaultMavenResourcesFiltering - Using platform encoding (Cp1252 actually) to copy filtered resources, i.e. build is platform dependent!
2024-07-07 23:25:25,123 [Worker-208: Building] INFO  o.a.m.s.f.DefaultMavenResourcesFiltering - skip non existing resourceDirectory D:\API_demos\HelloMvcdemo\src\main\resources
2024-07-07 23:25:25,124 [Worker-208: Building] WARN  o.a.m.s.f.DefaultMavenResourcesFiltering - Using platform encoding (Cp1252 actually) to copy filtered resources, i.e. build is platform dependent!
2024-07-07 23:25:25,124 [Worker-208: Building] INFO  o.a.m.s.f.DefaultMavenResourcesFiltering - skip non existing resourceDirectory D:\API_demos\HelloMvcdemo\src\test\resources
2024-07-07 23:27:18,580 [Worker-208: Building] WARN  o.a.m.s.f.DefaultMavenResourcesFiltering - Using platform encoding (Cp1252 actually) to copy filtered resources, i.e. build is platform dependent!
2024-07-07 23:27:18,580 [Worker-208: Building] INFO  o.a.m.s.f.DefaultMavenResourcesFiltering - skip non existing resourceDirectory D:\API_demos\HelloMvcdemo\src\main\resources
2024-07-07 23:27:18,581 [Worker-208: Building] WARN  o.a.m.s.f.DefaultMavenResourcesFiltering - Using platform encoding (Cp1252 actually) to copy filtered resources, i.e. build is platform dependent!
2024-07-07 23:27:18,582 [Worker-208: Building] INFO  o.a.m.s.f.DefaultMavenResourcesFiltering - skip non existing resourceDirectory D:\API_demos\HelloMvcdemo\src\test\resources
2024-07-07 23:29:15,428 [Worker-185: Building] WARN  o.a.m.s.f.DefaultMavenResourcesFiltering - Using platform encoding (Cp1252 actually) to copy filtered resources, i.e. build is platform dependent!
2024-07-07 23:29:15,428 [Worker-185: Building] INFO  o.a.m.s.f.DefaultMavenResourcesFiltering - skip non existing resourceDirectory D:\API_demos\HelloMvcdemo\src\main\resources
2024-07-07 23:29:15,429 [Worker-185: Building] WARN  o.a.m.s.f.DefaultMavenResourcesFiltering - Using platform encoding (Cp1252 actually) to copy filtered resources, i.e. build is platform dependent!
2024-07-07 23:29:15,431 [Worker-185: Building] INFO  o.a.m.s.f.DefaultMavenResourcesFiltering - skip non existing resourceDirectory D:\API_demos\HelloMvcdemo\src\test\resources
2024-07-07 23:30:26,124 [Worker-191: Building] WARN  o.a.m.s.f.DefaultMavenResourcesFiltering - Using platform encoding (Cp1252 actually) to copy filtered resources, i.e. build is platform dependent!
2024-07-07 23:30:26,125 [Worker-191: Building] INFO  o.a.m.s.f.DefaultMavenResourcesFiltering - skip non existing resourceDirectory D:\API_demos\HelloMvcdemo\src\main\resources
2024-07-07 23:30:26,126 [Worker-191: Building] WARN  o.a.m.s.f.DefaultMavenResourcesFiltering - Using platform encoding (Cp1252 actually) to copy filtered resources, i.e. build is platform dependent!
2024-07-07 23:30:26,126 [Worker-191: Building] INFO  o.a.m.s.f.DefaultMavenResourcesFiltering - skip non existing resourceDirectory D:\API_demos\HelloMvcdemo\src\test\resources
2024-07-07 23:30:30,907 [Worker-200: Building] WARN  o.a.m.s.f.DefaultMavenResourcesFiltering - Using platform encoding (Cp1252 actually) to copy filtered resources, i.e. build is platform dependent!
2024-07-07 23:30:30,908 [Worker-200: Building] INFO  o.a.m.s.f.DefaultMavenResourcesFiltering - skip non existing resourceDirectory D:\API_demos\HelloMvcdemo\src\main\resources
2024-07-07 23:30:30,909 [Worker-200: Building] WARN  o.a.m.s.f.DefaultMavenResourcesFiltering - Using platform encoding (Cp1252 actually) to copy filtered resources, i.e. build is platform dependent!
2024-07-07 23:30:30,909 [Worker-200: Building] INFO  o.a.m.s.f.DefaultMavenResourcesFiltering - skip non existing resourceDirectory D:\API_demos\HelloMvcdemo\src\test\resources
2024-07-07 23:30:36,091 [Worker-192: Building] WARN  o.a.m.s.f.DefaultMavenResourcesFiltering - Using platform encoding (Cp1252 actually) to copy filtered resources, i.e. build is platform dependent!
2024-07-07 23:30:36,091 [Worker-192: Building] INFO  o.a.m.s.f.DefaultMavenResourcesFiltering - skip non existing resourceDirectory D:\API_demos\HelloMvcdemo\src\main\resources
2024-07-07 23:30:36,092 [Worker-192: Building] WARN  o.a.m.s.f.DefaultMavenResourcesFiltering - Using platform encoding (Cp1252 actually) to copy filtered resources, i.e. build is platform dependent!
2024-07-07 23:30:36,093 [Worker-192: Building] INFO  o.a.m.s.f.DefaultMavenResourcesFiltering - skip non existing resourceDirectory D:\API_demos\HelloMvcdemo\src\test\resources
